This file contains any messages produced by compilers while
running configure, to aid debugging if configure makes a mistake.

It was created by configure, which was
generated by GNU Autoconf 2.69.  Invocation command line was

  $ configure 

## --------- ##
## Platform. ##
## --------- ##

hostname = UbuntuServer
uname -m = i686
uname -r = 4.4.0-78-generic
uname -s = Linux
uname -v = #99-Ubuntu SMP Thu Apr 27 15:28:22 UTC 2017

/usr/bin/uname -p = unknown
/bin/uname -X     = unknown

/bin/arch              = unknown
/usr/bin/arch -k       = unknown
/usr/convex/getsysinfo = unknown
/usr/bin/hostinfo      = unknown
/bin/machine           = unknown
/usr/bin/oslevel       = unknown
/bin/universe          = unknown

PATH: /home/tzvi/bin
PATH: /home/tzvi/.local/bin
PATH: /usr/local/sbin
PATH: /usr/local/bin
PATH: /usr/sbin
PATH: /usr/bin
PATH: /sbin
PATH: /bin
PATH: /usr/games
PATH: /usr/local/games
PATH: /snap/bin


## ----------- ##
## Core tests. ##
## ----------- ##

configure:2630: checking build system type
configure:2644: result: i686-pc-linux-gnu
configure:2664: checking host system type
configure:2677: result: i686-pc-linux-gnu
configure:2697: checking target system type
configure:2710: result: i686-pc-linux-gnu
configure:2752: checking for a BSD-compatible install
configure:2820: result: /usr/bin/install -c
configure:2831: checking whether build environment is sane
configure:2886: result: yes
configure:3037: checking for a thread-safe mkdir -p
configure:3076: result: /bin/mkdir -p
configure:3083: checking for gawk
configure:3099: found /usr/bin/gawk
configure:3110: result: gawk
configure:3121: checking whether make sets $(MAKE)
configure:3143: result: yes
configure:3172: checking whether make supports nested variables
configure:3189: result: yes
configure:3345: checking for style of include used by make
configure:3373: result: GNU
configure:3454: checking for g++
configure:3470: found /usr/bin/g++
configure:3481: result: g++
configure:3508: checking for C++ compiler version
configure:3517: g++ --version >&5
g++ (Ubuntu 5.4.0-6ubuntu1~16.04.4) 5.4.0 20160609
Copyright (C) 2015 Free Software Foundation, Inc.
This is free software; see the source for copying conditions.  There is NO
warranty; not even for MERCHANTABILITY or FITNESS FOR A PARTICULAR PURPOSE.

configure:3528: $? = 0
configure:3517: g++ -v >&5
Using built-in specs.
COLLECT_GCC=g++
COLLECT_LTO_WRAPPER=/usr/lib/gcc/i686-linux-gnu/5/lto-wrapper
Target: i686-linux-gnu
Configured with: ../src/configure -v --with-pkgversion='Ubuntu 5.4.0-6ubuntu1~16.04.4' --with-bugurl=file:///usr/share/doc/gcc-5/README.Bugs --enable-languages=c,ada,c++,java,go,d,fortran,objc,obj-c++ --prefix=/usr --program-suffix=-5 --enable-shared --enable-linker-build-id --libexecdir=/usr/lib --without-included-gettext --enable-threads=posix --libdir=/usr/lib --enable-nls --with-sysroot=/ --enable-clocale=gnu --enable-libstdcxx-debug --enable-libstdcxx-time=yes --with-default-libstdcxx-abi=new --enable-gnu-unique-object --disable-vtable-verify --enable-libmpx --enable-plugin --with-system-zlib --disable-browser-plugin --enable-java-awt=gtk --enable-gtk-cairo --with-java-home=/usr/lib/jvm/java-1.5.0-gcj-5-i386/jre --enable-java-home --with-jvm-root-dir=/usr/lib/jvm/java-1.5.0-gcj-5-i386 --with-jvm-jar-dir=/usr/lib/jvm-exports/java-1.5.0-gcj-5-i386 --with-arch-directory=i386 --with-ecj-jar=/usr/share/java/eclipse-ecj.jar --enable-objc-gc --enable-targets=all --enable-multiarch --disable-werror --with-arch-32=i686 --with-multilib-list=m32,m64,mx32 --enable-multilib --with-tune=generic --enable-checking=release --build=i686-linux-gnu --host=i686-linux-gnu --target=i686-linux-gnu
Thread model: posix
gcc version 5.4.0 20160609 (Ubuntu 5.4.0-6ubuntu1~16.04.4) 
configure:3528: $? = 0
configure:3517: g++ -V >&5
g++: error: unrecognized command line option '-V'
g++: fatal error: no input files
compilation terminated.
configure:3528: $? = 1
configure:3517: g++ -qversion >&5
g++: error: unrecognized command line option '-qversion'
g++: fatal error: no input files
compilation terminated.
configure:3528: $? = 1
configure:3548: checking whether the C++ compiler works
configure:3570: g++    conftest.cpp  >&5
configure:3574: $? = 0
configure:3622: result: yes
configure:3625: checking for C++ compiler default output file name
configure:3627: result: a.out
configure:3633: checking for suffix of executables
configure:3640: g++ -o conftest    conftest.cpp  >&5
configure:3644: $? = 0
configure:3666: result: 
configure:3688: checking whether we are cross compiling
configure:3696: g++ -o conftest    conftest.cpp  >&5
configure:3700: $? = 0
configure:3707: ./conftest
configure:3711: $? = 0
configure:3726: result: no
configure:3731: checking for suffix of object files
configure:3753: g++ -c   conftest.cpp >&5
configure:3757: $? = 0
configure:3778: result: o
configure:3782: checking whether we are using the GNU C++ compiler
configure:3801: g++ -c   conftest.cpp >&5
configure:3801: $? = 0
configure:3810: result: yes
configure:3819: checking whether g++ accepts -g
configure:3839: g++ -c -g  conftest.cpp >&5
configure:3839: $? = 0
configure:3880: result: yes
configure:3905: checking dependency style of g++
configure:4016: result: gcc3
configure:4036: checking how to run the C++ preprocessor
configure:4063: g++ -E  conftest.cpp
configure:4063: $? = 0
configure:4077: g++ -E  conftest.cpp
conftest.cpp:11:28: fatal error: ac_nonexistent.h: No such file or directory
compilation terminated.
configure:4077: $? = 1
configure: failed program was:
| /* confdefs.h */
| #define PACKAGE_NAME ""
| #define PACKAGE_TARNAME ""
| #define PACKAGE_VERSION ""
| #define PACKAGE_STRING ""
| #define PACKAGE_BUGREPORT ""
| #define PACKAGE_URL ""
| #define PACKAGE "gr-fsk4"
| #define VERSION "0.0.1"
| /* end confdefs.h.  */
| #include <ac_nonexistent.h>
configure:4102: result: g++ -E
configure:4122: g++ -E  conftest.cpp
configure:4122: $? = 0
configure:4136: g++ -E  conftest.cpp
conftest.cpp:11:28: fatal error: ac_nonexistent.h: No such file or directory
compilation terminated.
configure:4136: $? = 1
configure: failed program was:
| /* confdefs.h */
| #define PACKAGE_NAME ""
| #define PACKAGE_TARNAME ""
| #define PACKAGE_VERSION ""
| #define PACKAGE_STRING ""
| #define PACKAGE_BUGREPORT ""
| #define PACKAGE_URL ""
| #define PACKAGE "gr-fsk4"
| #define VERSION "0.0.1"
| /* end confdefs.h.  */
| #include <ac_nonexistent.h>
configure:4177: checking whether C++ has bool
configure:4188: g++ -o conftest -g -O2   conftest.cpp  >&5
configure:4188: $? = 0
configure:4188: ./conftest
configure:4188: $? = 0
configure:4189: result: yes
configure:4203: checking whether C++ has buggy scoping in for-loops
configure:4219: g++ -c -g -O2  conftest.cpp >&5
conftest.cpp:11:22: fatal error: iostream.h: No such file or directory
compilation terminated.
configure:4219: $? = 1
configure: failed program was:
| /* confdefs.h */
| #define PACKAGE_NAME ""
| #define PACKAGE_TARNAME ""
| #define PACKAGE_VERSION ""
| #define PACKAGE_STRING ""
| #define PACKAGE_BUGREPORT ""
| #define PACKAGE_URL ""
| #define PACKAGE "gr-fsk4"
| #define VERSION "0.0.1"
| /* end confdefs.h.  */
| #include <iostream.h>
| int
| main ()
| {
| 
|    for (int i=0;i<10;i++) { }
|    for (int i=0;i<10;i++) { }
| 
|   ;
|   return 0;
| }
configure:4223: result: yes
configure:4231: checking whether user wants assertions
configure:4241: result: yes
configure:4246: checking whether C++ has std::isnan
configure:4261: g++ -c -g -O2  conftest.cpp >&5
configure:4261: $? = 0
configure:4262: result: yes
configure:4282: checking whether user wants warnings
configure:4293: result: yes
configure:4327: checking whether g++ accepts -Wall
configure:4332: result: yes
configure:4327: checking whether g++ accepts -Woverloaded-virtual
configure:4332: result: yes
configure:4345: checking whether user wants gprof
configure:4355: result: no
configure:4408: checking whether user wants prof
configure:4418: result: no
configure:4518: checking for gcc
configure:4534: found /usr/bin/gcc
configure:4545: result: gcc
configure:4774: checking for C compiler version
configure:4783: gcc --version >&5
gcc (Ubuntu 5.4.0-6ubuntu1~16.04.4) 5.4.0 20160609
Copyright (C) 2015 Free Software Foundation, Inc.
This is free software; see the source for copying conditions.  There is NO
warranty; not even for MERCHANTABILITY or FITNESS FOR A PARTICULAR PURPOSE.

configure:4794: $? = 0
configure:4783: gcc -v >&5
Using built-in specs.
COLLECT_GCC=gcc
COLLECT_LTO_WRAPPER=/usr/lib/gcc/i686-linux-gnu/5/lto-wrapper
Target: i686-linux-gnu
Configured with: ../src/configure -v --with-pkgversion='Ubuntu 5.4.0-6ubuntu1~16.04.4' --with-bugurl=file:///usr/share/doc/gcc-5/README.Bugs --enable-languages=c,ada,c++,java,go,d,fortran,objc,obj-c++ --prefix=/usr --program-suffix=-5 --enable-shared --enable-linker-build-id --libexecdir=/usr/lib --without-included-gettext --enable-threads=posix --libdir=/usr/lib --enable-nls --with-sysroot=/ --enable-clocale=gnu --enable-libstdcxx-debug --enable-libstdcxx-time=yes --with-default-libstdcxx-abi=new --enable-gnu-unique-object --disable-vtable-verify --enable-libmpx --enable-plugin --with-system-zlib --disable-browser-plugin --enable-java-awt=gtk --enable-gtk-cairo --with-java-home=/usr/lib/jvm/java-1.5.0-gcj-5-i386/jre --enable-java-home --with-jvm-root-dir=/usr/lib/jvm/java-1.5.0-gcj-5-i386 --with-jvm-jar-dir=/usr/lib/jvm-exports/java-1.5.0-gcj-5-i386 --with-arch-directory=i386 --with-ecj-jar=/usr/share/java/eclipse-ecj.jar --enable-objc-gc --enable-targets=all --enable-multiarch --disable-werror --with-arch-32=i686 --with-multilib-list=m32,m64,mx32 --enable-multilib --with-tune=generic --enable-checking=release --build=i686-linux-gnu --host=i686-linux-gnu --target=i686-linux-gnu
Thread model: posix
gcc version 5.4.0 20160609 (Ubuntu 5.4.0-6ubuntu1~16.04.4) 
configure:4794: $? = 0
configure:4783: gcc -V >&5
gcc: error: unrecognized command line option '-V'
gcc: fatal error: no input files
compilation terminated.
configure:4794: $? = 1
configure:4783: gcc -qversion >&5
gcc: error: unrecognized command line option '-qversion'
gcc: fatal error: no input files
compilation terminated.
configure:4794: $? = 1
configure:4798: checking whether we are using the GNU C compiler
configure:4817: gcc -c   conftest.c >&5
configure:4817: $? = 0
configure:4826: result: yes
configure:4835: checking whether gcc accepts -g
configure:4855: gcc -c -g  conftest.c >&5
configure:4855: $? = 0
configure:4896: result: yes
configure:4913: checking for gcc option to accept ISO C89
configure:4976: gcc  -c -g -O2  conftest.c >&5
configure:4976: $? = 0
configure:4989: result: none needed
configure:5014: checking whether gcc understands -c and -o together
configure:5036: gcc -c conftest.c -o conftest2.o
configure:5039: $? = 0
configure:5036: gcc -c conftest.c -o conftest2.o
configure:5039: $? = 0
configure:5051: result: yes
configure:5070: checking dependency style of gcc
configure:5181: result: gcc3
configure:5205: checking dependency style of gcc
configure:5314: result: gcc3
configure:5329: checking whether ln -s works
configure:5333: result: yes
configure:5340: checking whether make sets $(MAKE)
configure:5362: result: yes
configure:5374: checking for rm
configure:5392: found /bin/rm
configure:5404: result: /bin/rm
configure:5822: checking how to print strings
configure:5849: result: printf
configure:5870: checking for a sed that does not truncate output
configure:5934: result: /bin/sed
configure:5952: checking for grep that handles long lines and -e
configure:6010: result: /bin/grep
configure:6015: checking for egrep
configure:6077: result: /bin/grep -E
configure:6082: checking for fgrep
configure:6144: result: /bin/grep -F
configure:6179: checking for ld used by gcc
configure:6246: result: /usr/bin/ld
configure:6253: checking if the linker (/usr/bin/ld) is GNU ld
configure:6268: result: yes
configure:6280: checking for BSD- or MS-compatible name lister (nm)
configure:6334: result: /usr/bin/nm -B
configure:6464: checking the name lister (/usr/bin/nm -B) interface
configure:6471: gcc -c -g -O2  conftest.c >&5
configure:6474: /usr/bin/nm -B "conftest.o"
configure:6477: output
00000000 B some_variable
configure:6484: result: BSD nm
configure:6488: checking the maximum length of command line arguments
configure:6619: result: 1572864
configure:6667: checking how to convert i686-pc-linux-gnu file names to i686-pc-linux-gnu format
configure:6707: result: func_convert_file_noop
configure:6714: checking how to convert i686-pc-linux-gnu file names to toolchain format
configure:6734: result: func_convert_file_noop
configure:6741: checking for /usr/bin/ld option to reload object files
configure:6748: result: -r
configure:6822: checking for objdump
configure:6849: result: objdump
configure:6878: checking how to recognize dependent libraries
configure:7078: result: pass_all
configure:7163: checking for dlltool
configure:7190: result: dlltool
configure:7220: checking how to associate runtime and link libraries
configure:7247: result: printf %s\n
configure:7308: checking for ar
configure:7324: found /usr/bin/ar
configure:7335: result: ar
configure:7372: checking for archiver @FILE support
configure:7389: gcc -c -g -O2  conftest.c >&5
configure:7389: $? = 0
configure:7392: ar cru libconftest.a @conftest.lst >&5
ar: `u' modifier ignored since `D' is the default (see `U')
configure:7395: $? = 0
configure:7400: ar cru libconftest.a @conftest.lst >&5
ar: `u' modifier ignored since `D' is the default (see `U')
ar: conftest.o: No such file or directory
configure:7403: $? = 1
configure:7415: result: @
configure:7473: checking for strip
configure:7489: found /usr/bin/strip
configure:7500: result: strip
configure:7572: checking for ranlib
configure:7588: found /usr/bin/ranlib
configure:7599: result: ranlib
configure:7701: checking command to parse /usr/bin/nm -B output from gcc object
configure:7854: gcc -c -g -O2  conftest.c >&5
configure:7857: $? = 0
configure:7861: /usr/bin/nm -B conftest.o \| sed -n -e 's/^.*[ ]\([ABCDGIRSTW][ABCDGIRSTW]*\)[ ][ ]*\([_A-Za-z][_A-Za-z0-9]*\)$/\1 \2 \2/p' | sed '/ __gnu_lto/d' \> conftest.nm
configure:7864: $? = 0
configure:7930: gcc -o conftest -g -O2   conftest.c conftstm.o >&5
configure:7933: $? = 0
configure:7971: result: ok
configure:8018: checking for sysroot
configure:8048: result: no
configure:8055: checking for a working dd
configure:8093: result: /bin/dd
configure:8097: checking how to truncate binary pipes
configure:8112: result: /bin/dd bs=4096 count=1
configure:8441: checking for mt
configure:8457: found /bin/mt
configure:8468: result: mt
configure:8491: checking if mt is a manifest tool
configure:8497: mt '-?'
configure:8505: result: no
configure:9182: checking how to run the C preprocessor
configure:9213: gcc -E  conftest.c
configure:9213: $? = 0
configure:9227: gcc -E  conftest.c
conftest.c:13:28: fatal error: ac_nonexistent.h: No such file or directory
compilation terminated.
configure:9227: $? = 1
configure: failed program was:
| /* confdefs.h */
| #define PACKAGE_NAME ""
| #define PACKAGE_TARNAME ""
| #define PACKAGE_VERSION ""
| #define PACKAGE_STRING ""
| #define PACKAGE_BUGREPORT ""
| #define PACKAGE_URL ""
| #define PACKAGE "gr-fsk4"
| #define VERSION "0.0.1"
| #define CXX_HAS_BUGGY_FOR_LOOPS /**/
| #define CXX_HAS_STD_ISNAN /**/
| /* end confdefs.h.  */
| #include <ac_nonexistent.h>
configure:9252: result: gcc -E
configure:9272: gcc -E  conftest.c
configure:9272: $? = 0
configure:9286: gcc -E  conftest.c
conftest.c:13:28: fatal error: ac_nonexistent.h: No such file or directory
compilation terminated.
configure:9286: $? = 1
configure: failed program was:
| /* confdefs.h */
| #define PACKAGE_NAME ""
| #define PACKAGE_TARNAME ""
| #define PACKAGE_VERSION ""
| #define PACKAGE_STRING ""
| #define PACKAGE_BUGREPORT ""
| #define PACKAGE_URL ""
| #define PACKAGE "gr-fsk4"
| #define VERSION "0.0.1"
| #define CXX_HAS_BUGGY_FOR_LOOPS /**/
| #define CXX_HAS_STD_ISNAN /**/
| /* end confdefs.h.  */
| #include <ac_nonexistent.h>
configure:9315: checking for ANSI C header files
configure:9335: gcc -c -g -O2  conftest.c >&5
configure:9335: $? = 0
configure:9408: gcc -o conftest -g -O2   conftest.c  >&5
configure:9408: $? = 0
configure:9408: ./conftest
configure:9408: $? = 0
configure:9419: result: yes
configure:9432: checking for sys/types.h
configure:9432: gcc -c -g -O2  conftest.c >&5
configure:9432: $? = 0
configure:9432: result: yes
configure:9432: checking for sys/stat.h
configure:9432: gcc -c -g -O2  conftest.c >&5
configure:9432: $? = 0
configure:9432: result: yes
configure:9432: checking for stdlib.h
configure:9432: gcc -c -g -O2  conftest.c >&5
configure:9432: $? = 0
configure:9432: result: yes
configure:9432: checking for string.h
configure:9432: gcc -c -g -O2  conftest.c >&5
configure:9432: $? = 0
configure:9432: result: yes
configure:9432: checking for memory.h
configure:9432: gcc -c -g -O2  conftest.c >&5
configure:9432: $? = 0
configure:9432: result: yes
configure:9432: checking for strings.h
configure:9432: gcc -c -g -O2  conftest.c >&5
configure:9432: $? = 0
configure:9432: result: yes
configure:9432: checking for inttypes.h
configure:9432: gcc -c -g -O2  conftest.c >&5
configure:9432: $? = 0
configure:9432: result: yes
configure:9432: checking for stdint.h
configure:9432: gcc -c -g -O2  conftest.c >&5
configure:9432: $? = 0
configure:9432: result: yes
configure:9432: checking for unistd.h
configure:9432: gcc -c -g -O2  conftest.c >&5
configure:9432: $? = 0
configure:9432: result: yes
configure:9446: checking for dlfcn.h
configure:9446: gcc -c -g -O2  conftest.c >&5
configure:9446: $? = 0
configure:9446: result: yes
configure:9650: checking for objdir
configure:9665: result: .libs
configure:9925: checking if gcc supports -fno-rtti -fno-exceptions
configure:9943: gcc -c -g -O2  -fno-rtti -fno-exceptions conftest.c >&5
cc1: warning: command line option '-fno-rtti' is valid for C++/ObjC++ but not for C
configure:9947: $? = 0
configure:9960: result: no
configure:10318: checking for gcc option to produce PIC
configure:10325: result: -fPIC -DPIC
configure:10333: checking if gcc PIC flag -fPIC -DPIC works
configure:10351: gcc -c -g -O2  -fPIC -DPIC -DPIC conftest.c >&5
configure:10355: $? = 0
configure:10368: result: yes
configure:10397: checking if gcc static flag -static works
configure:10425: result: yes
configure:10440: checking if gcc supports -c -o file.o
configure:10461: gcc -c -g -O2  -o out/conftest2.o conftest.c >&5
configure:10465: $? = 0
configure:10487: result: yes
configure:10495: checking if gcc supports -c -o file.o
configure:10542: result: yes
configure:10575: checking whether the gcc linker (/usr/bin/ld) supports shared libraries
configure:11838: result: yes
configure:11875: checking whether -lc should be explicitly linked in
configure:11883: gcc -c -g -O2  conftest.c >&5
configure:11886: $? = 0
configure:11901: gcc -shared  -fPIC -DPIC conftest.o  -v -Wl,-soname -Wl,conftest -o conftest 2\>\&1 \| /bin/grep  -lc  \>/dev/null 2\>\&1
configure:11904: $? = 0
configure:11918: result: no
configure:12078: checking dynamic linker characteristics
configure:12659: gcc -o conftest -g -O2   -Wl,-rpath -Wl,/foo conftest.c  >&5
configure:12659: $? = 0
configure:12908: result: GNU/Linux ld.so
configure:13030: checking how to hardcode library paths into programs
configure:13055: result: immediate
configure:13603: checking whether stripping libraries is possible
configure:13608: result: yes
configure:13643: checking if libtool supports shared libraries
configure:13645: result: yes
configure:13648: checking whether to build shared libraries
configure:13673: result: yes
configure:13676: checking whether to build static libraries
configure:13680: result: no
configure:13703: checking how to run the C++ preprocessor
configure:13769: result: g++ -E
configure:13789: g++ -E  conftest.cpp
configure:13789: $? = 0
configure:13803: g++ -E  conftest.cpp
conftest.cpp:25:28: fatal error: ac_nonexistent.h: No such file or directory
compilation terminated.
configure:13803: $? = 1
configure: failed program was:
| /* confdefs.h */
| #define PACKAGE_NAME ""
| #define PACKAGE_TARNAME ""
| #define PACKAGE_VERSION ""
| #define PACKAGE_STRING ""
| #define PACKAGE_BUGREPORT ""
| #define PACKAGE_URL ""
| #define PACKAGE "gr-fsk4"
| #define VERSION "0.0.1"
| #define CXX_HAS_BUGGY_FOR_LOOPS /**/
| #define CXX_HAS_STD_ISNAN /**/
| #define STDC_HEADERS 1
| #define HAVE_SYS_TYPES_H 1
| #define HAVE_SYS_STAT_H 1
| #define HAVE_STDLIB_H 1
| #define HAVE_STRING_H 1
| #define HAVE_MEMORY_H 1
| #define HAVE_STRINGS_H 1
| #define HAVE_INTTYPES_H 1
| #define HAVE_STDINT_H 1
| #define HAVE_UNISTD_H 1
| #define HAVE_DLFCN_H 1
| #define LT_OBJDIR ".libs/"
| /* end confdefs.h.  */
| #include <ac_nonexistent.h>
configure:13965: checking for ld used by g++
configure:14032: result: /usr/bin/ld
configure:14039: checking if the linker (/usr/bin/ld) is GNU ld
configure:14054: result: yes
configure:14109: checking whether the g++ linker (/usr/bin/ld) supports shared libraries
configure:15182: result: yes
configure:15218: g++ -c -g -O2 -Wall -Woverloaded-virtual  conftest.cpp >&5
configure:15221: $? = 0
configure:15702: checking for g++ option to produce PIC
configure:15709: result: -fPIC -DPIC
configure:15717: checking if g++ PIC flag -fPIC -DPIC works
configure:15735: g++ -c -g -O2 -Wall -Woverloaded-virtual  -fPIC -DPIC -DPIC conftest.cpp >&5
configure:15739: $? = 0
configure:15752: result: yes
configure:15775: checking if g++ static flag -static works
configure:15803: result: yes
configure:15815: checking if g++ supports -c -o file.o
configure:15836: g++ -c -g -O2 -Wall -Woverloaded-virtual  -o out/conftest2.o conftest.cpp >&5
configure:15840: $? = 0
configure:15862: result: yes
configure:15867: checking if g++ supports -c -o file.o
configure:15914: result: yes
configure:15944: checking whether the g++ linker (/usr/bin/ld) supports shared libraries
configure:15987: result: yes
configure:16128: checking dynamic linker characteristics
configure:16885: result: GNU/Linux ld.so
configure:16950: checking how to hardcode library paths into programs
configure:16975: result: immediate
configure:17062: checking for python
configure:17080: found /usr/bin/python
configure:17092: result: /usr/bin/python
configure:17113: checking for python version
configure:17120: result: 2.7
configure:17132: checking for python platform
configure:17139: result: linux2
configure:17165: checking for python script directory
configure:17200: result: ${prefix}/lib/python2.7/dist-packages
configure:17209: checking for python extension module directory
configure:17244: result: ${exec_prefix}/lib/python2.7/dist-packages
configure:17269: checking for Python include path
configure:17285: result: /usr/include/python2.7
configure:17299: checking Python.h usability
configure:17299: gcc -c -g -O2  -I/usr/include/python2.7 conftest.c >&5
configure:17299: $? = 0
configure:17299: result: yes
configure:17299: checking Python.h presence
configure:17299: gcc -E  -I/usr/include/python2.7 conftest.c
configure:17299: $? = 0
configure:17299: result: yes
configure:17299: checking for Python.h
configure:17299: result: yes
configure:17368: checking for swig
configure:17384: found /usr/bin/swig
configure:17395: result: /usr/bin/swig
configure:17407: checking for SWIG version
configure:17411: result: 3.0.8
configure:17568: checking for the pthreads library -lpthreads
configure:17601: gcc -o conftest -g -O2    conftest.c -lpthreads  >&5
conftest.c: In function 'main':
conftest.c:31:22: warning: null argument where non-null required (argument 1) [-Wnonnull]
                      pthread_attr_init(0); pthread_cleanup_push(0, 0);
                      ^
conftest.c:32:22: warning: null argument where non-null required (argument 1) [-Wnonnull]
                      pthread_create(0,0,0,0); pthread_cleanup_pop(0);
                      ^
conftest.c:32:22: warning: null argument where non-null required (argument 3) [-Wnonnull]
/usr/bin/ld: cannot find -lpthreads
collect2: error: ld returned 1 exit status
configure:17601: $? = 1
configure: failed program was:
| /* confdefs.h */
| #define PACKAGE_NAME ""
| #define PACKAGE_TARNAME ""
| #define PACKAGE_VERSION ""
| #define PACKAGE_STRING ""
| #define PACKAGE_BUGREPORT ""
| #define PACKAGE_URL ""
| #define PACKAGE "gr-fsk4"
| #define VERSION "0.0.1"
| #define CXX_HAS_BUGGY_FOR_LOOPS /**/
| #define CXX_HAS_STD_ISNAN /**/
| #define STDC_HEADERS 1
| #define HAVE_SYS_TYPES_H 1
| #define HAVE_SYS_STAT_H 1
| #define HAVE_STDLIB_H 1
| #define HAVE_STRING_H 1
| #define HAVE_MEMORY_H 1
| #define HAVE_STRINGS_H 1
| #define HAVE_INTTYPES_H 1
| #define HAVE_STDINT_H 1
| #define HAVE_UNISTD_H 1
| #define HAVE_DLFCN_H 1
| #define LT_OBJDIR ".libs/"
| #define HAVE_PYTHON_H 1
| /* end confdefs.h.  */
| #include <pthread.h>
| int
| main ()
| {
| pthread_t th; pthread_join(th, 0);
|                      pthread_attr_init(0); pthread_cleanup_push(0, 0);
|                      pthread_create(0,0,0,0); pthread_cleanup_pop(0);
|   ;
|   return 0;
| }
configure:17610: result: no
configure:17557: checking whether pthreads work without any flags
configure:17601: gcc -o conftest -g -O2    conftest.c   >&5
conftest.c: In function 'main':
conftest.c:31:22: warning: null argument where non-null required (argument 1) [-Wnonnull]
                      pthread_attr_init(0); pthread_cleanup_push(0, 0);
                      ^
conftest.c:32:22: warning: null argument where non-null required (argument 1) [-Wnonnull]
                      pthread_create(0,0,0,0); pthread_cleanup_pop(0);
                      ^
conftest.c:32:22: warning: null argument where non-null required (argument 3) [-Wnonnull]
/tmp/cc5nj9a4.o: In function `main':
/home/tzvi/gr-fskxcode/conftest.c:30: undefined reference to `pthread_join'
/home/tzvi/gr-fskxcode/conftest.c:31: undefined reference to `__pthread_register_cancel'
/home/tzvi/gr-fskxcode/conftest.c:32: undefined reference to `pthread_create'
/home/tzvi/gr-fskxcode/conftest.c:32: undefined reference to `__pthread_unregister_cancel'
collect2: error: ld returned 1 exit status
configure:17601: $? = 1
configure: failed program was:
| /* confdefs.h */
| #define PACKAGE_NAME ""
| #define PACKAGE_TARNAME ""
| #define PACKAGE_VERSION ""
| #define PACKAGE_STRING ""
| #define PACKAGE_BUGREPORT ""
| #define PACKAGE_URL ""
| #define PACKAGE "gr-fsk4"
| #define VERSION "0.0.1"
| #define CXX_HAS_BUGGY_FOR_LOOPS /**/
| #define CXX_HAS_STD_ISNAN /**/
| #define STDC_HEADERS 1
| #define HAVE_SYS_TYPES_H 1
| #define HAVE_SYS_STAT_H 1
| #define HAVE_STDLIB_H 1
| #define HAVE_STRING_H 1
| #define HAVE_MEMORY_H 1
| #define HAVE_STRINGS_H 1
| #define HAVE_INTTYPES_H 1
| #define HAVE_STDINT_H 1
| #define HAVE_UNISTD_H 1
| #define HAVE_DLFCN_H 1
| #define LT_OBJDIR ".libs/"
| #define HAVE_PYTHON_H 1
| /* end confdefs.h.  */
| #include <pthread.h>
| int
| main ()
| {
| pthread_t th; pthread_join(th, 0);
|                      pthread_attr_init(0); pthread_cleanup_push(0, 0);
|                      pthread_create(0,0,0,0); pthread_cleanup_pop(0);
|   ;
|   return 0;
| }
configure:17610: result: no
configure:17562: checking whether pthreads work with -Kthread
configure:17601: gcc -o conftest -g -O2 -Kthread   conftest.c   >&5
gcc: error: unrecognized command line option '-Kthread'
configure:17601: $? = 1
configure: failed program was:
| /* confdefs.h */
| #define PACKAGE_NAME ""
| #define PACKAGE_TARNAME ""
| #define PACKAGE_VERSION ""
| #define PACKAGE_STRING ""
| #define PACKAGE_BUGREPORT ""
| #define PACKAGE_URL ""
| #define PACKAGE "gr-fsk4"
| #define VERSION "0.0.1"
| #define CXX_HAS_BUGGY_FOR_LOOPS /**/
| #define CXX_HAS_STD_ISNAN /**/
| #define STDC_HEADERS 1
| #define HAVE_SYS_TYPES_H 1
| #define HAVE_SYS_STAT_H 1
| #define HAVE_STDLIB_H 1
| #define HAVE_STRING_H 1
| #define HAVE_MEMORY_H 1
| #define HAVE_STRINGS_H 1
| #define HAVE_INTTYPES_H 1
| #define HAVE_STDINT_H 1
| #define HAVE_UNISTD_H 1
| #define HAVE_DLFCN_H 1
| #define LT_OBJDIR ".libs/"
| #define HAVE_PYTHON_H 1
| /* end confdefs.h.  */
| #include <pthread.h>
| int
| main ()
| {
| pthread_t th; pthread_join(th, 0);
|                      pthread_attr_init(0); pthread_cleanup_push(0, 0);
|                      pthread_create(0,0,0,0); pthread_cleanup_pop(0);
|   ;
|   return 0;
| }
configure:17610: result: no
configure:17562: checking whether pthreads work with -kthread
configure:17601: gcc -o conftest -g -O2 -kthread   conftest.c   >&5
gcc: error: unrecognized command line option '-kthread'
configure:17601: $? = 1
configure: failed program was:
| /* confdefs.h */
| #define PACKAGE_NAME ""
| #define PACKAGE_TARNAME ""
| #define PACKAGE_VERSION ""
| #define PACKAGE_STRING ""
| #define PACKAGE_BUGREPORT ""
| #define PACKAGE_URL ""
| #define PACKAGE "gr-fsk4"
| #define VERSION "0.0.1"
| #define CXX_HAS_BUGGY_FOR_LOOPS /**/
| #define CXX_HAS_STD_ISNAN /**/
| #define STDC_HEADERS 1
| #define HAVE_SYS_TYPES_H 1
| #define HAVE_SYS_STAT_H 1
| #define HAVE_STDLIB_H 1
| #define HAVE_STRING_H 1
| #define HAVE_MEMORY_H 1
| #define HAVE_STRINGS_H 1
| #define HAVE_INTTYPES_H 1
| #define HAVE_STDINT_H 1
| #define HAVE_UNISTD_H 1
| #define HAVE_DLFCN_H 1
| #define LT_OBJDIR ".libs/"
| #define HAVE_PYTHON_H 1
| /* end confdefs.h.  */
| #include <pthread.h>
| int
| main ()
| {
| pthread_t th; pthread_join(th, 0);
|                      pthread_attr_init(0); pthread_cleanup_push(0, 0);
|                      pthread_create(0,0,0,0); pthread_cleanup_pop(0);
|   ;
|   return 0;
| }
configure:17610: result: no
configure:17568: checking for the pthreads library -llthread
configure:17601: gcc -o conftest -g -O2    conftest.c -llthread  >&5
conftest.c: In function 'main':
conftest.c:31:22: warning: null argument where non-null required (argument 1) [-Wnonnull]
                      pthread_attr_init(0); pthread_cleanup_push(0, 0);
                      ^
conftest.c:32:22: warning: null argument where non-null required (argument 1) [-Wnonnull]
                      pthread_create(0,0,0,0); pthread_cleanup_pop(0);
                      ^
conftest.c:32:22: warning: null argument where non-null required (argument 3) [-Wnonnull]
/usr/bin/ld: cannot find -llthread
collect2: error: ld returned 1 exit status
configure:17601: $? = 1
configure: failed program was:
| /* confdefs.h */
| #define PACKAGE_NAME ""
| #define PACKAGE_TARNAME ""
| #define PACKAGE_VERSION ""
| #define PACKAGE_STRING ""
| #define PACKAGE_BUGREPORT ""
| #define PACKAGE_URL ""
| #define PACKAGE "gr-fsk4"
| #define VERSION "0.0.1"
| #define CXX_HAS_BUGGY_FOR_LOOPS /**/
| #define CXX_HAS_STD_ISNAN /**/
| #define STDC_HEADERS 1
| #define HAVE_SYS_TYPES_H 1
| #define HAVE_SYS_STAT_H 1
| #define HAVE_STDLIB_H 1
| #define HAVE_STRING_H 1
| #define HAVE_MEMORY_H 1
| #define HAVE_STRINGS_H 1
| #define HAVE_INTTYPES_H 1
| #define HAVE_STDINT_H 1
| #define HAVE_UNISTD_H 1
| #define HAVE_DLFCN_H 1
| #define LT_OBJDIR ".libs/"
| #define HAVE_PYTHON_H 1
| /* end confdefs.h.  */
| #include <pthread.h>
| int
| main ()
| {
| pthread_t th; pthread_join(th, 0);
|                      pthread_attr_init(0); pthread_cleanup_push(0, 0);
|                      pthread_create(0,0,0,0); pthread_cleanup_pop(0);
|   ;
|   return 0;
| }
configure:17610: result: no
configure:17562: checking whether pthreads work with -pthread
configure:17601: gcc -o conftest -g -O2 -pthread   conftest.c   >&5
conftest.c: In function 'main':
conftest.c:31:22: warning: null argument where non-null required (argument 1) [-Wnonnull]
                      pthread_attr_init(0); pthread_cleanup_push(0, 0);
                      ^
conftest.c:32:22: warning: null argument where non-null required (argument 1) [-Wnonnull]
                      pthread_create(0,0,0,0); pthread_cleanup_pop(0);
                      ^
conftest.c:32:22: warning: null argument where non-null required (argument 3) [-Wnonnull]
configure:17601: $? = 0
configure:17610: result: yes
configure:17630: checking for joinable pthread attribute
configure:17643: gcc -o conftest -g -O2 -pthread   conftest.c   >&5
configure:17643: $? = 0
configure:17675: result: PTHREAD_CREATE_JOINABLE
configure:17682: checking if more special flags are required for pthreads
configure:17689: result: no
configure:17701: checking for cc_r
configure:17729: result: gcc
configure:17813: checking for library containing clock_gettime
configure:17844: gcc -o conftest -g -O2   conftest.c  >&5
configure:17844: $? = 0
configure:17861: result: none required
configure:17872: checking for clock_gettime
configure:17872: gcc -o conftest -g -O2   conftest.c  >&5
configure:17872: $? = 0
configure:17872: result: yes
configure:17872: checking for gettimeofday
configure:17872: gcc -o conftest -g -O2   conftest.c  >&5
configure:17872: $? = 0
configure:17872: result: yes
configure:17872: checking for nanosleep
configure:17872: gcc -o conftest -g -O2   conftest.c  >&5
configure:17872: $? = 0
configure:17872: result: yes
configure:17893: checking for ANSI C header files
configure:17997: result: yes
configure:18005: checking for sys/wait.h that is POSIX.1 compatible
configure:18031: gcc -c -g -O2 -pthread  conftest.c >&5
configure:18031: $? = 0
configure:18038: result: yes
configure:18049: checking fcntl.h usability
configure:18049: gcc -c -g -O2 -pthread  conftest.c >&5
configure:18049: $? = 0
configure:18049: result: yes
configure:18049: checking fcntl.h presence
configure:18049: gcc -E  conftest.c
configure:18049: $? = 0
configure:18049: result: yes
configure:18049: checking for fcntl.h
configure:18049: result: yes
configure:18049: checking limits.h usability
configure:18049: gcc -c -g -O2 -pthread  conftest.c >&5
configure:18049: $? = 0
configure:18049: result: yes
configure:18049: checking limits.h presence
configure:18049: gcc -E  conftest.c
configure:18049: $? = 0
configure:18049: result: yes
configure:18049: checking for limits.h
configure:18049: result: yes
configure:18049: checking for strings.h
configure:18049: result: yes
configure:18049: checking sys/ioctl.h usability
configure:18049: gcc -c -g -O2 -pthread  conftest.c >&5
configure:18049: $? = 0
configure:18049: result: yes
configure:18049: checking sys/ioctl.h presence
configure:18049: gcc -E  conftest.c
configure:18049: $? = 0
configure:18049: result: yes
configure:18049: checking for sys/ioctl.h
configure:18049: result: yes
configure:18049: checking sys/time.h usability
configure:18049: gcc -c -g -O2 -pthread  conftest.c >&5
configure:18049: $? = 0
configure:18049: result: yes
configure:18049: checking sys/time.h presence
configure:18049: gcc -E  conftest.c
configure:18049: $? = 0
configure:18049: result: yes
configure:18049: checking for sys/time.h
configure:18049: result: yes
configure:18049: checking for unistd.h
configure:18049: result: yes
configure:18061: checking sys/mman.h usability
configure:18061: gcc -c -g -O2 -pthread  conftest.c >&5
configure:18061: $? = 0
configure:18061: result: yes
configure:18061: checking sys/mman.h presence
configure:18061: gcc -E  conftest.c
configure:18061: $? = 0
configure:18061: result: yes
configure:18061: checking for sys/mman.h
configure:18061: result: yes
configure:18072: checking for an ANSI C-conforming const
configure:18138: gcc -c -g -O2 -pthread  conftest.c >&5
configure:18138: $? = 0
configure:18145: result: yes
configure:18153: checking for inline
configure:18169: gcc -c -g -O2 -pthread  conftest.c >&5
configure:18169: $? = 0
configure:18177: result: inline
configure:18195: checking for size_t
configure:18195: gcc -c -g -O2 -pthread  conftest.c >&5
configure:18195: $? = 0
configure:18195: gcc -c -g -O2 -pthread  conftest.c >&5
conftest.c: In function 'main':
conftest.c:75:21: error: expected expression before ')' token
 if (sizeof ((size_t)))
                     ^
configure:18195: $? = 1
configure: failed program was:
| /* confdefs.h */
| #define PACKAGE_NAME ""
| #define PACKAGE_TARNAME ""
| #define PACKAGE_VERSION ""
| #define PACKAGE_STRING ""
| #define PACKAGE_BUGREPORT ""
| #define PACKAGE_URL ""
| #define PACKAGE "gr-fsk4"
| #define VERSION "0.0.1"
| #define CXX_HAS_BUGGY_FOR_LOOPS /**/
| #define CXX_HAS_STD_ISNAN /**/
| #define STDC_HEADERS 1
| #define HAVE_SYS_TYPES_H 1
| #define HAVE_SYS_STAT_H 1
| #define HAVE_STDLIB_H 1
| #define HAVE_STRING_H 1
| #define HAVE_MEMORY_H 1
| #define HAVE_STRINGS_H 1
| #define HAVE_INTTYPES_H 1
| #define HAVE_STDINT_H 1
| #define HAVE_UNISTD_H 1
| #define HAVE_DLFCN_H 1
| #define LT_OBJDIR ".libs/"
| #define HAVE_PYTHON_H 1
| #define OMNITHREAD_POSIX 1
| #define HAVE_CLOCK_GETTIME 1
| #define HAVE_GETTIMEOFDAY 1
| #define HAVE_NANOSLEEP 1
| #define STDC_HEADERS 1
| #define HAVE_SYS_WAIT_H 1
| #define HAVE_FCNTL_H 1
| #define HAVE_LIMITS_H 1
| #define HAVE_STRINGS_H 1
| #define HAVE_SYS_IOCTL_H 1
| #define HAVE_SYS_TIME_H 1
| #define HAVE_UNISTD_H 1
| #define HAVE_SYS_MMAN_H 1
| /* end confdefs.h.  */
| #include <stdio.h>
| #ifdef HAVE_SYS_TYPES_H
| # include <sys/types.h>
| #endif
| #ifdef HAVE_SYS_STAT_H
| # include <sys/stat.h>
| #endif
| #ifdef STDC_HEADERS
| # include <stdlib.h>
| # include <stddef.h>
| #else
| # ifdef HAVE_STDLIB_H
| #  include <stdlib.h>
| # endif
| #endif
| #ifdef HAVE_STRING_H
| # if !defined STDC_HEADERS && defined HAVE_MEMORY_H
| #  include <memory.h>
| # endif
| # include <string.h>
| #endif
| #ifdef HAVE_STRINGS_H
| # include <strings.h>
| #endif
| #ifdef HAVE_INTTYPES_H
| # include <inttypes.h>
| #endif
| #ifdef HAVE_STDINT_H
| # include <stdint.h>
| #endif
| #ifdef HAVE_UNISTD_H
| # include <unistd.h>
| #endif
| int
| main ()
| {
| if (sizeof ((size_t)))
| 	    return 0;
|   ;
|   return 0;
| }
configure:18195: result: yes
configure:18206: checking whether time.h and sys/time.h may both be included
configure:18226: gcc -c -g -O2 -pthread  conftest.c >&5
configure:18226: $? = 0
configure:18233: result: yes
configure:18245: checking for dummy
configure:18245: gcc -o conftest -g -O2 -pthread   conftest.c  >&5
/tmp/ccdBzO69.o: In function `main':
/home/tzvi/gr-fskxcode/conftest.c:74: undefined reference to `dummy'
collect2: error: ld returned 1 exit status
configure:18245: $? = 1
configure: failed program was:
| /* confdefs.h */
| #define PACKAGE_NAME ""
| #define PACKAGE_TARNAME ""
| #define PACKAGE_VERSION ""
| #define PACKAGE_STRING ""
| #define PACKAGE_BUGREPORT ""
| #define PACKAGE_URL ""
| #define PACKAGE "gr-fsk4"
| #define VERSION "0.0.1"
| #define CXX_HAS_BUGGY_FOR_LOOPS /**/
| #define CXX_HAS_STD_ISNAN /**/
| #define STDC_HEADERS 1
| #define HAVE_SYS_TYPES_H 1
| #define HAVE_SYS_STAT_H 1
| #define HAVE_STDLIB_H 1
| #define HAVE_STRING_H 1
| #define HAVE_MEMORY_H 1
| #define HAVE_STRINGS_H 1
| #define HAVE_INTTYPES_H 1
| #define HAVE_STDINT_H 1
| #define HAVE_UNISTD_H 1
| #define HAVE_DLFCN_H 1
| #define LT_OBJDIR ".libs/"
| #define HAVE_PYTHON_H 1
| #define OMNITHREAD_POSIX 1
| #define HAVE_CLOCK_GETTIME 1
| #define HAVE_GETTIMEOFDAY 1
| #define HAVE_NANOSLEEP 1
| #define STDC_HEADERS 1
| #define HAVE_SYS_WAIT_H 1
| #define HAVE_FCNTL_H 1
| #define HAVE_LIMITS_H 1
| #define HAVE_STRINGS_H 1
| #define HAVE_SYS_IOCTL_H 1
| #define HAVE_SYS_TIME_H 1
| #define HAVE_UNISTD_H 1
| #define HAVE_SYS_MMAN_H 1
| #define TIME_WITH_SYS_TIME 1
| /* end confdefs.h.  */
| /* Define dummy to an innocuous variant, in case <limits.h> declares dummy.
|    For example, HP-UX 11i <limits.h> declares gettimeofday.  */
| #define dummy innocuous_dummy
| 
| /* System header to define __stub macros and hopefully few prototypes,
|     which can conflict with char dummy (); below.
|     Prefer <limits.h> to <assert.h> if __STDC__ is defined, since
|     <limits.h> exists even on freestanding compilers.  */
| 
| #ifdef __STDC__
| # include <limits.h>
| #else
| # include <assert.h>
| #endif
| 
| #undef dummy
| 
| /* Override any GCC internal prototype to avoid an error.
|    Use char because int might match the return type of a GCC
|    builtin and then its argument prototype would still apply.  */
| #ifdef __cplusplus
| extern "C"
| #endif
| char dummy ();
| /* The GNU C library defines this for functions which it implements
|     to always fail with ENOSYS.  Some functions are actually named
|     something starting with __ and the normal name is an alias.  */
| #if defined __stub_dummy || defined __stub___dummy
| choke me
| #endif
| 
| int
| main ()
| {
| return dummy ();
|   ;
|   return 0;
| }
configure:18245: result: no
configure:18245: checking for cc_r
configure:18245: gcc -o conftest -g -O2 -pthread   conftest.c  >&5
/tmp/ccj5j5gm.o: In function `main':
/home/tzvi/gr-fskxcode/conftest.c:74: undefined reference to `cc_r'
collect2: error: ld returned 1 exit status
configure:18245: $? = 1
configure: failed program was:
| /* confdefs.h */
| #define PACKAGE_NAME ""
| #define PACKAGE_TARNAME ""
| #define PACKAGE_VERSION ""
| #define PACKAGE_STRING ""
| #define PACKAGE_BUGREPORT ""
| #define PACKAGE_URL ""
| #define PACKAGE "gr-fsk4"
| #define VERSION "0.0.1"
| #define CXX_HAS_BUGGY_FOR_LOOPS /**/
| #define CXX_HAS_STD_ISNAN /**/
| #define STDC_HEADERS 1
| #define HAVE_SYS_TYPES_H 1
| #define HAVE_SYS_STAT_H 1
| #define HAVE_STDLIB_H 1
| #define HAVE_STRING_H 1
| #define HAVE_MEMORY_H 1
| #define HAVE_STRINGS_H 1
| #define HAVE_INTTYPES_H 1
| #define HAVE_STDINT_H 1
| #define HAVE_UNISTD_H 1
| #define HAVE_DLFCN_H 1
| #define LT_OBJDIR ".libs/"
| #define HAVE_PYTHON_H 1
| #define OMNITHREAD_POSIX 1
| #define HAVE_CLOCK_GETTIME 1
| #define HAVE_GETTIMEOFDAY 1
| #define HAVE_NANOSLEEP 1
| #define STDC_HEADERS 1
| #define HAVE_SYS_WAIT_H 1
| #define HAVE_FCNTL_H 1
| #define HAVE_LIMITS_H 1
| #define HAVE_STRINGS_H 1
| #define HAVE_SYS_IOCTL_H 1
| #define HAVE_SYS_TIME_H 1
| #define HAVE_UNISTD_H 1
| #define HAVE_SYS_MMAN_H 1
| #define TIME_WITH_SYS_TIME 1
| /* end confdefs.h.  */
| /* Define cc_r to an innocuous variant, in case <limits.h> declares cc_r.
|    For example, HP-UX 11i <limits.h> declares gettimeofday.  */
| #define cc_r innocuous_cc_r
| 
| /* System header to define __stub macros and hopefully few prototypes,
|     which can conflict with char cc_r (); below.
|     Prefer <limits.h> to <assert.h> if __STDC__ is defined, since
|     <limits.h> exists even on freestanding compilers.  */
| 
| #ifdef __STDC__
| # include <limits.h>
| #else
| # include <assert.h>
| #endif
| 
| #undef cc_r
| 
| /* Override any GCC internal prototype to avoid an error.
|    Use char because int might match the return type of a GCC
|    builtin and then its argument prototype would still apply.  */
| #ifdef __cplusplus
| extern "C"
| #endif
| char cc_r ();
| /* The GNU C library defines this for functions which it implements
|     to always fail with ENOSYS.  Some functions are actually named
|     something starting with __ and the normal name is an alias.  */
| #if defined __stub_cc_r || defined __stub___cc_r
| choke me
| #endif
| 
| int
| main ()
| {
| return cc_r ();
|   ;
|   return 0;
| }
configure:18245: result: no
configure:18260: checking for sys/types.h
configure:18260: result: yes
configure:18260: checking for fcntl.h
configure:18260: result: yes
configure:18260: checking io.h usability
configure:18260: gcc -c -g -O2 -pthread  conftest.c >&5
conftest.c:75:16: fatal error: io.h: No such file or directory
compilation terminated.
configure:18260: $? = 1
configure: failed program was:
| /* confdefs.h */
| #define PACKAGE_NAME ""
| #define PACKAGE_TARNAME ""
| #define PACKAGE_VERSION ""
| #define PACKAGE_STRING ""
| #define PACKAGE_BUGREPORT ""
| #define PACKAGE_URL ""
| #define PACKAGE "gr-fsk4"
| #define VERSION "0.0.1"
| #define CXX_HAS_BUGGY_FOR_LOOPS /**/
| #define CXX_HAS_STD_ISNAN /**/
| #define STDC_HEADERS 1
| #define HAVE_SYS_TYPES_H 1
| #define HAVE_SYS_STAT_H 1
| #define HAVE_STDLIB_H 1
| #define HAVE_STRING_H 1
| #define HAVE_MEMORY_H 1
| #define HAVE_STRINGS_H 1
| #define HAVE_INTTYPES_H 1
| #define HAVE_STDINT_H 1
| #define HAVE_UNISTD_H 1
| #define HAVE_DLFCN_H 1
| #define LT_OBJDIR ".libs/"
| #define HAVE_PYTHON_H 1
| #define OMNITHREAD_POSIX 1
| #define HAVE_CLOCK_GETTIME 1
| #define HAVE_GETTIMEOFDAY 1
| #define HAVE_NANOSLEEP 1
| #define STDC_HEADERS 1
| #define HAVE_SYS_WAIT_H 1
| #define HAVE_FCNTL_H 1
| #define HAVE_LIMITS_H 1
| #define HAVE_STRINGS_H 1
| #define HAVE_SYS_IOCTL_H 1
| #define HAVE_SYS_TIME_H 1
| #define HAVE_UNISTD_H 1
| #define HAVE_SYS_MMAN_H 1
| #define TIME_WITH_SYS_TIME 1
| #define HAVE_SYS_TYPES_H 1
| #define HAVE_FCNTL_H 1
| /* end confdefs.h.  */
| #include <stdio.h>
| #ifdef HAVE_SYS_TYPES_H
| # include <sys/types.h>
| #endif
| #ifdef HAVE_SYS_STAT_H
| # include <sys/stat.h>
| #endif
| #ifdef STDC_HEADERS
| # include <stdlib.h>
| # include <stddef.h>
| #else
| # ifdef HAVE_STDLIB_H
| #  include <stdlib.h>
| # endif
| #endif
| #ifdef HAVE_STRING_H
| # if !defined STDC_HEADERS && defined HAVE_MEMORY_H
| #  include <memory.h>
| # endif
| # include <string.h>
| #endif
| #ifdef HAVE_STRINGS_H
| # include <strings.h>
| #endif
| #ifdef HAVE_INTTYPES_H
| # include <inttypes.h>
| #endif
| #ifdef HAVE_STDINT_H
| # include <stdint.h>
| #endif
| #ifdef HAVE_UNISTD_H
| # include <unistd.h>
| #endif
| #include <io.h>
configure:18260: result: no
configure:18260: checking io.h presence
configure:18260: gcc -E  conftest.c
conftest.c:42:16: fatal error: io.h: No such file or directory
compilation terminated.
configure:18260: $? = 1
configure: failed program was:
| /* confdefs.h */
| #define PACKAGE_NAME ""
| #define PACKAGE_TARNAME ""
| #define PACKAGE_VERSION ""
| #define PACKAGE_STRING ""
| #define PACKAGE_BUGREPORT ""
| #define PACKAGE_URL ""
| #define PACKAGE "gr-fsk4"
| #define VERSION "0.0.1"
| #define CXX_HAS_BUGGY_FOR_LOOPS /**/
| #define CXX_HAS_STD_ISNAN /**/
| #define STDC_HEADERS 1
| #define HAVE_SYS_TYPES_H 1
| #define HAVE_SYS_STAT_H 1
| #define HAVE_STDLIB_H 1
| #define HAVE_STRING_H 1
| #define HAVE_MEMORY_H 1
| #define HAVE_STRINGS_H 1
| #define HAVE_INTTYPES_H 1
| #define HAVE_STDINT_H 1
| #define HAVE_UNISTD_H 1
| #define HAVE_DLFCN_H 1
| #define LT_OBJDIR ".libs/"
| #define HAVE_PYTHON_H 1
| #define OMNITHREAD_POSIX 1
| #define HAVE_CLOCK_GETTIME 1
| #define HAVE_GETTIMEOFDAY 1
| #define HAVE_NANOSLEEP 1
| #define STDC_HEADERS 1
| #define HAVE_SYS_WAIT_H 1
| #define HAVE_FCNTL_H 1
| #define HAVE_LIMITS_H 1
| #define HAVE_STRINGS_H 1
| #define HAVE_SYS_IOCTL_H 1
| #define HAVE_SYS_TIME_H 1
| #define HAVE_UNISTD_H 1
| #define HAVE_SYS_MMAN_H 1
| #define TIME_WITH_SYS_TIME 1
| #define HAVE_SYS_TYPES_H 1
| #define HAVE_FCNTL_H 1
| /* end confdefs.h.  */
| #include <io.h>
configure:18260: result: no
configure:18260: checking for io.h
configure:18260: result: no
configure:18272: checking windows.h usability
configure:18272: gcc -c -g -O2 -pthread  conftest.c >&5
conftest.c:75:21: fatal error: windows.h: No such file or directory
compilation terminated.
configure:18272: $? = 1
configure: failed program was:
| /* confdefs.h */
| #define PACKAGE_NAME ""
| #define PACKAGE_TARNAME ""
| #define PACKAGE_VERSION ""
| #define PACKAGE_STRING ""
| #define PACKAGE_BUGREPORT ""
| #define PACKAGE_URL ""
| #define PACKAGE "gr-fsk4"
| #define VERSION "0.0.1"
| #define CXX_HAS_BUGGY_FOR_LOOPS /**/
| #define CXX_HAS_STD_ISNAN /**/
| #define STDC_HEADERS 1
| #define HAVE_SYS_TYPES_H 1
| #define HAVE_SYS_STAT_H 1
| #define HAVE_STDLIB_H 1
| #define HAVE_STRING_H 1
| #define HAVE_MEMORY_H 1
| #define HAVE_STRINGS_H 1
| #define HAVE_INTTYPES_H 1
| #define HAVE_STDINT_H 1
| #define HAVE_UNISTD_H 1
| #define HAVE_DLFCN_H 1
| #define LT_OBJDIR ".libs/"
| #define HAVE_PYTHON_H 1
| #define OMNITHREAD_POSIX 1
| #define HAVE_CLOCK_GETTIME 1
| #define HAVE_GETTIMEOFDAY 1
| #define HAVE_NANOSLEEP 1
| #define STDC_HEADERS 1
| #define HAVE_SYS_WAIT_H 1
| #define HAVE_FCNTL_H 1
| #define HAVE_LIMITS_H 1
| #define HAVE_STRINGS_H 1
| #define HAVE_SYS_IOCTL_H 1
| #define HAVE_SYS_TIME_H 1
| #define HAVE_UNISTD_H 1
| #define HAVE_SYS_MMAN_H 1
| #define TIME_WITH_SYS_TIME 1
| #define HAVE_SYS_TYPES_H 1
| #define HAVE_FCNTL_H 1
| /* end confdefs.h.  */
| #include <stdio.h>
| #ifdef HAVE_SYS_TYPES_H
| # include <sys/types.h>
| #endif
| #ifdef HAVE_SYS_STAT_H
| # include <sys/stat.h>
| #endif
| #ifdef STDC_HEADERS
| # include <stdlib.h>
| # include <stddef.h>
| #else
| # ifdef HAVE_STDLIB_H
| #  include <stdlib.h>
| # endif
| #endif
| #ifdef HAVE_STRING_H
| # if !defined STDC_HEADERS && defined HAVE_MEMORY_H
| #  include <memory.h>
| # endif
| # include <string.h>
| #endif
| #ifdef HAVE_STRINGS_H
| # include <strings.h>
| #endif
| #ifdef HAVE_INTTYPES_H
| # include <inttypes.h>
| #endif
| #ifdef HAVE_STDINT_H
| # include <stdint.h>
| #endif
| #ifdef HAVE_UNISTD_H
| # include <unistd.h>
| #endif
| #include <windows.h>
configure:18272: result: no
configure:18272: checking windows.h presence
configure:18272: gcc -E  conftest.c
conftest.c:42:21: fatal error: windows.h: No such file or directory
compilation terminated.
configure:18272: $? = 1
configure: failed program was:
| /* confdefs.h */
| #define PACKAGE_NAME ""
| #define PACKAGE_TARNAME ""
| #define PACKAGE_VERSION ""
| #define PACKAGE_STRING ""
| #define PACKAGE_BUGREPORT ""
| #define PACKAGE_URL ""
| #define PACKAGE "gr-fsk4"
| #define VERSION "0.0.1"
| #define CXX_HAS_BUGGY_FOR_LOOPS /**/
| #define CXX_HAS_STD_ISNAN /**/
| #define STDC_HEADERS 1
| #define HAVE_SYS_TYPES_H 1
| #define HAVE_SYS_STAT_H 1
| #define HAVE_STDLIB_H 1
| #define HAVE_STRING_H 1
| #define HAVE_MEMORY_H 1
| #define HAVE_STRINGS_H 1
| #define HAVE_INTTYPES_H 1
| #define HAVE_STDINT_H 1
| #define HAVE_UNISTD_H 1
| #define HAVE_DLFCN_H 1
| #define LT_OBJDIR ".libs/"
| #define HAVE_PYTHON_H 1
| #define OMNITHREAD_POSIX 1
| #define HAVE_CLOCK_GETTIME 1
| #define HAVE_GETTIMEOFDAY 1
| #define HAVE_NANOSLEEP 1
| #define STDC_HEADERS 1
| #define HAVE_SYS_WAIT_H 1
| #define HAVE_FCNTL_H 1
| #define HAVE_LIMITS_H 1
| #define HAVE_STRINGS_H 1
| #define HAVE_SYS_IOCTL_H 1
| #define HAVE_SYS_TIME_H 1
| #define HAVE_UNISTD_H 1
| #define HAVE_SYS_MMAN_H 1
| #define TIME_WITH_SYS_TIME 1
| #define HAVE_SYS_TYPES_H 1
| #define HAVE_FCNTL_H 1
| /* end confdefs.h.  */
| #include <windows.h>
configure:18272: result: no
configure:18272: checking for windows.h
configure:18272: result: no
configure:18285: checking for winioctl.h
configure:18285: gcc -c -g -O2 -pthread  conftest.c >&5
conftest.c:48:22: fatal error: winioctl.h: No such file or directory
compilation terminated.
configure:18285: $? = 1
configure: failed program was:
| /* confdefs.h */
| #define PACKAGE_NAME ""
| #define PACKAGE_TARNAME ""
| #define PACKAGE_VERSION ""
| #define PACKAGE_STRING ""
| #define PACKAGE_BUGREPORT ""
| #define PACKAGE_URL ""
| #define PACKAGE "gr-fsk4"
| #define VERSION "0.0.1"
| #define CXX_HAS_BUGGY_FOR_LOOPS /**/
| #define CXX_HAS_STD_ISNAN /**/
| #define STDC_HEADERS 1
| #define HAVE_SYS_TYPES_H 1
| #define HAVE_SYS_STAT_H 1
| #define HAVE_STDLIB_H 1
| #define HAVE_STRING_H 1
| #define HAVE_MEMORY_H 1
| #define HAVE_STRINGS_H 1
| #define HAVE_INTTYPES_H 1
| #define HAVE_STDINT_H 1
| #define HAVE_UNISTD_H 1
| #define HAVE_DLFCN_H 1
| #define LT_OBJDIR ".libs/"
| #define HAVE_PYTHON_H 1
| #define OMNITHREAD_POSIX 1
| #define HAVE_CLOCK_GETTIME 1
| #define HAVE_GETTIMEOFDAY 1
| #define HAVE_NANOSLEEP 1
| #define STDC_HEADERS 1
| #define HAVE_SYS_WAIT_H 1
| #define HAVE_FCNTL_H 1
| #define HAVE_LIMITS_H 1
| #define HAVE_STRINGS_H 1
| #define HAVE_SYS_IOCTL_H 1
| #define HAVE_SYS_TIME_H 1
| #define HAVE_UNISTD_H 1
| #define HAVE_SYS_MMAN_H 1
| #define TIME_WITH_SYS_TIME 1
| #define HAVE_SYS_TYPES_H 1
| #define HAVE_FCNTL_H 1
| /* end confdefs.h.  */
| 
| 	#if HAVE_WINDOWS_H
| 	#include <windows.h>
| 	#endif
| 
| 
| #include <winioctl.h>
configure:18285: result: no
configure:18285: checking for winbase.h
configure:18285: gcc -c -g -O2 -pthread  conftest.c >&5
conftest.c:48:21: fatal error: winbase.h: No such file or directory
compilation terminated.
configure:18285: $? = 1
configure: failed program was:
| /* confdefs.h */
| #define PACKAGE_NAME ""
| #define PACKAGE_TARNAME ""
| #define PACKAGE_VERSION ""
| #define PACKAGE_STRING ""
| #define PACKAGE_BUGREPORT ""
| #define PACKAGE_URL ""
| #define PACKAGE "gr-fsk4"
| #define VERSION "0.0.1"
| #define CXX_HAS_BUGGY_FOR_LOOPS /**/
| #define CXX_HAS_STD_ISNAN /**/
| #define STDC_HEADERS 1
| #define HAVE_SYS_TYPES_H 1
| #define HAVE_SYS_STAT_H 1
| #define HAVE_STDLIB_H 1
| #define HAVE_STRING_H 1
| #define HAVE_MEMORY_H 1
| #define HAVE_STRINGS_H 1
| #define HAVE_INTTYPES_H 1
| #define HAVE_STDINT_H 1
| #define HAVE_UNISTD_H 1
| #define HAVE_DLFCN_H 1
| #define LT_OBJDIR ".libs/"
| #define HAVE_PYTHON_H 1
| #define OMNITHREAD_POSIX 1
| #define HAVE_CLOCK_GETTIME 1
| #define HAVE_GETTIMEOFDAY 1
| #define HAVE_NANOSLEEP 1
| #define STDC_HEADERS 1
| #define HAVE_SYS_WAIT_H 1
| #define HAVE_FCNTL_H 1
| #define HAVE_LIMITS_H 1
| #define HAVE_STRINGS_H 1
| #define HAVE_SYS_IOCTL_H 1
| #define HAVE_SYS_TIME_H 1
| #define HAVE_UNISTD_H 1
| #define HAVE_SYS_MMAN_H 1
| #define TIME_WITH_SYS_TIME 1
| #define HAVE_SYS_TYPES_H 1
| #define HAVE_FCNTL_H 1
| /* end confdefs.h.  */
| 
| 	#if HAVE_WINDOWS_H
| 	#include <windows.h>
| 	#endif
| 
| 
| #include <winbase.h>
configure:18285: result: no
configure:18304: checking for getopt
configure:18304: gcc -o conftest -g -O2 -pthread   conftest.c  >&5
configure:18304: $? = 0
configure:18304: result: yes
configure:18304: checking for usleep
configure:18304: gcc -o conftest -g -O2 -pthread   conftest.c  >&5
configure:18304: $? = 0
configure:18304: result: yes
configure:18304: checking for gettimeofday
configure:18304: result: yes
configure:18304: checking for nanosleep
configure:18304: result: yes
configure:18304: checking for rand
configure:18304: gcc -o conftest -g -O2 -pthread   conftest.c  >&5
configure:18304: $? = 0
configure:18304: result: yes
configure:18304: checking for srand
configure:18304: gcc -o conftest -g -O2 -pthread   conftest.c  >&5
configure:18304: $? = 0
configure:18304: result: yes
configure:18304: checking for random
configure:18304: gcc -o conftest -g -O2 -pthread   conftest.c  >&5
configure:18304: $? = 0
configure:18304: result: yes
configure:18304: checking for srandom
configure:18304: gcc -o conftest -g -O2 -pthread   conftest.c  >&5
configure:18304: $? = 0
configure:18304: result: yes
configure:18304: checking for sleep
configure:18304: gcc -o conftest -g -O2 -pthread   conftest.c  >&5
configure:18304: $? = 0
configure:18304: result: yes
configure:18304: checking for sigaction
configure:18304: gcc -o conftest -g -O2 -pthread   conftest.c  >&5
configure:18304: $? = 0
configure:18304: result: yes
configure:18313: checking for struct timezone
configure:18313: gcc -c -g -O2 -pthread  conftest.c >&5
configure:18313: $? = 0
configure:18313: gcc -c -g -O2 -pthread  conftest.c >&5
conftest.c: In function 'main':
conftest.c:71:30: error: expected expression before ')' token
 if (sizeof ((struct timezone)))
                              ^
configure:18313: $? = 1
configure: failed program was:
| /* confdefs.h */
| #define PACKAGE_NAME ""
| #define PACKAGE_TARNAME ""
| #define PACKAGE_VERSION ""
| #define PACKAGE_STRING ""
| #define PACKAGE_BUGREPORT ""
| #define PACKAGE_URL ""
| #define PACKAGE "gr-fsk4"
| #define VERSION "0.0.1"
| #define CXX_HAS_BUGGY_FOR_LOOPS /**/
| #define CXX_HAS_STD_ISNAN /**/
| #define STDC_HEADERS 1
| #define HAVE_SYS_TYPES_H 1
| #define HAVE_SYS_STAT_H 1
| #define HAVE_STDLIB_H 1
| #define HAVE_STRING_H 1
| #define HAVE_MEMORY_H 1
| #define HAVE_STRINGS_H 1
| #define HAVE_INTTYPES_H 1
| #define HAVE_STDINT_H 1
| #define HAVE_UNISTD_H 1
| #define HAVE_DLFCN_H 1
| #define LT_OBJDIR ".libs/"
| #define HAVE_PYTHON_H 1
| #define OMNITHREAD_POSIX 1
| #define HAVE_CLOCK_GETTIME 1
| #define HAVE_GETTIMEOFDAY 1
| #define HAVE_NANOSLEEP 1
| #define STDC_HEADERS 1
| #define HAVE_SYS_WAIT_H 1
| #define HAVE_FCNTL_H 1
| #define HAVE_LIMITS_H 1
| #define HAVE_STRINGS_H 1
| #define HAVE_SYS_IOCTL_H 1
| #define HAVE_SYS_TIME_H 1
| #define HAVE_UNISTD_H 1
| #define HAVE_SYS_MMAN_H 1
| #define TIME_WITH_SYS_TIME 1
| #define HAVE_SYS_TYPES_H 1
| #define HAVE_FCNTL_H 1
| #define HAVE_GETOPT 1
| #define HAVE_USLEEP 1
| #define HAVE_GETTIMEOFDAY 1
| #define HAVE_NANOSLEEP 1
| #define HAVE_RAND 1
| #define HAVE_SRAND 1
| #define HAVE_RANDOM 1
| #define HAVE_SRANDOM 1
| #define HAVE_SLEEP 1
| #define HAVE_SIGACTION 1
| /* end confdefs.h.  */
| 
|      #if HAVE_SYS_TYPES_H
|      # include <sys/types.h>
|      #endif
|      #if TIME_WITH_SYS_TIME
|      # include <sys/time.h>
|      # include <time.h>
|      #else
|      # if HAVE_SYS_TIME_H
|      #  include <sys/time.h>
|      # else
|      #  include <time.h>
|      # endif
|      #endif
| 
| 
| int
| main ()
| {
| if (sizeof ((struct timezone)))
| 	    return 0;
|   ;
|   return 0;
| }
configure:18313: result: yes
configure:18337: checking for struct timespec
configure:18337: gcc -c -g -O2 -pthread  conftest.c >&5
configure:18337: $? = 0
configure:18337: gcc -c -g -O2 -pthread  conftest.c >&5
conftest.c: In function 'main':
conftest.c:72:30: error: expected expression before ')' token
 if (sizeof ((struct timespec)))
                              ^
configure:18337: $? = 1
configure: failed program was:
| /* confdefs.h */
| #define PACKAGE_NAME ""
| #define PACKAGE_TARNAME ""
| #define PACKAGE_VERSION ""
| #define PACKAGE_STRING ""
| #define PACKAGE_BUGREPORT ""
| #define PACKAGE_URL ""
| #define PACKAGE "gr-fsk4"
| #define VERSION "0.0.1"
| #define CXX_HAS_BUGGY_FOR_LOOPS /**/
| #define CXX_HAS_STD_ISNAN /**/
| #define STDC_HEADERS 1
| #define HAVE_SYS_TYPES_H 1
| #define HAVE_SYS_STAT_H 1
| #define HAVE_STDLIB_H 1
| #define HAVE_STRING_H 1
| #define HAVE_MEMORY_H 1
| #define HAVE_STRINGS_H 1
| #define HAVE_INTTYPES_H 1
| #define HAVE_STDINT_H 1
| #define HAVE_UNISTD_H 1
| #define HAVE_DLFCN_H 1
| #define LT_OBJDIR ".libs/"
| #define HAVE_PYTHON_H 1
| #define OMNITHREAD_POSIX 1
| #define HAVE_CLOCK_GETTIME 1
| #define HAVE_GETTIMEOFDAY 1
| #define HAVE_NANOSLEEP 1
| #define STDC_HEADERS 1
| #define HAVE_SYS_WAIT_H 1
| #define HAVE_FCNTL_H 1
| #define HAVE_LIMITS_H 1
| #define HAVE_STRINGS_H 1
| #define HAVE_SYS_IOCTL_H 1
| #define HAVE_SYS_TIME_H 1
| #define HAVE_UNISTD_H 1
| #define HAVE_SYS_MMAN_H 1
| #define TIME_WITH_SYS_TIME 1
| #define HAVE_SYS_TYPES_H 1
| #define HAVE_FCNTL_H 1
| #define HAVE_GETOPT 1
| #define HAVE_USLEEP 1
| #define HAVE_GETTIMEOFDAY 1
| #define HAVE_NANOSLEEP 1
| #define HAVE_RAND 1
| #define HAVE_SRAND 1
| #define HAVE_RANDOM 1
| #define HAVE_SRANDOM 1
| #define HAVE_SLEEP 1
| #define HAVE_SIGACTION 1
| #define HAVE_STRUCT_TIMEZONE 1
| /* end confdefs.h.  */
| 
|      #if HAVE_SYS_TYPES_H
|      # include <sys/types.h>
|      #endif
|      #if TIME_WITH_SYS_TIME
|      # include <sys/time.h>
|      # include <time.h>
|      #else
|      # if HAVE_SYS_TIME_H
|      #  include <sys/time.h>
|      # else
|      #  include <time.h>
|      # endif
|      #endif
| 
| 
| int
| main ()
| {
| if (sizeof ((struct timespec)))
| 	    return 0;
|   ;
|   return 0;
| }
configure:18337: result: yes
configure:18361: checking for ssize_t
configure:18361: gcc -c -g -O2 -pthread  conftest.c >&5
configure:18361: $? = 0
configure:18361: gcc -c -g -O2 -pthread  conftest.c >&5
conftest.c: In function 'main':
conftest.c:73:22: error: expected expression before ')' token
 if (sizeof ((ssize_t)))
                      ^
configure:18361: $? = 1
configure: failed program was:
| /* confdefs.h */
| #define PACKAGE_NAME ""
| #define PACKAGE_TARNAME ""
| #define PACKAGE_VERSION ""
| #define PACKAGE_STRING ""
| #define PACKAGE_BUGREPORT ""
| #define PACKAGE_URL ""
| #define PACKAGE "gr-fsk4"
| #define VERSION "0.0.1"
| #define CXX_HAS_BUGGY_FOR_LOOPS /**/
| #define CXX_HAS_STD_ISNAN /**/
| #define STDC_HEADERS 1
| #define HAVE_SYS_TYPES_H 1
| #define HAVE_SYS_STAT_H 1
| #define HAVE_STDLIB_H 1
| #define HAVE_STRING_H 1
| #define HAVE_MEMORY_H 1
| #define HAVE_STRINGS_H 1
| #define HAVE_INTTYPES_H 1
| #define HAVE_STDINT_H 1
| #define HAVE_UNISTD_H 1
| #define HAVE_DLFCN_H 1
| #define LT_OBJDIR ".libs/"
| #define HAVE_PYTHON_H 1
| #define OMNITHREAD_POSIX 1
| #define HAVE_CLOCK_GETTIME 1
| #define HAVE_GETTIMEOFDAY 1
| #define HAVE_NANOSLEEP 1
| #define STDC_HEADERS 1
| #define HAVE_SYS_WAIT_H 1
| #define HAVE_FCNTL_H 1
| #define HAVE_LIMITS_H 1
| #define HAVE_STRINGS_H 1
| #define HAVE_SYS_IOCTL_H 1
| #define HAVE_SYS_TIME_H 1
| #define HAVE_UNISTD_H 1
| #define HAVE_SYS_MMAN_H 1
| #define TIME_WITH_SYS_TIME 1
| #define HAVE_SYS_TYPES_H 1
| #define HAVE_FCNTL_H 1
| #define HAVE_GETOPT 1
| #define HAVE_USLEEP 1
| #define HAVE_GETTIMEOFDAY 1
| #define HAVE_NANOSLEEP 1
| #define HAVE_RAND 1
| #define HAVE_SRAND 1
| #define HAVE_RANDOM 1
| #define HAVE_SRANDOM 1
| #define HAVE_SLEEP 1
| #define HAVE_SIGACTION 1
| #define HAVE_STRUCT_TIMEZONE 1
| #define HAVE_STRUCT_TIMESPEC 1
| /* end confdefs.h.  */
| 
|      #if HAVE_SYS_TYPES_H
|      # include <sys/types.h>
|      #endif
|      #if TIME_WITH_SYS_TIME
|      # include <sys/time.h>
|      # include <time.h>
|      #else
|      # if HAVE_SYS_TIME_H
|      #  include <sys/time.h>
|      # else
|      #  include <time.h>
|      # endif
|      #endif
| 
| 
| int
| main ()
| {
| if (sizeof ((ssize_t)))
| 	    return 0;
|   ;
|   return 0;
| }
configure:18361: result: yes
configure:18387: checking for getopt
configure:18387: result: yes
configure:18400: checking for usleep
configure:18400: result: yes
configure:18413: checking for gettimeofday
configure:18413: result: yes
configure:18429: checking for Sleep
configure:18444: gcc -o conftest -g -O2 -pthread   conftest.c  >&5
conftest.c:58:24: fatal error: windows.h: No such file or directory
compilation terminated.
configure:18444: $? = 1
configure: failed program was:
| /* confdefs.h */
| #define PACKAGE_NAME ""
| #define PACKAGE_TARNAME ""
| #define PACKAGE_VERSION ""
| #define PACKAGE_STRING ""
| #define PACKAGE_BUGREPORT ""
| #define PACKAGE_URL ""
| #define PACKAGE "gr-fsk4"
| #define VERSION "0.0.1"
| #define CXX_HAS_BUGGY_FOR_LOOPS /**/
| #define CXX_HAS_STD_ISNAN /**/
| #define STDC_HEADERS 1
| #define HAVE_SYS_TYPES_H 1
| #define HAVE_SYS_STAT_H 1
| #define HAVE_STDLIB_H 1
| #define HAVE_STRING_H 1
| #define HAVE_MEMORY_H 1
| #define HAVE_STRINGS_H 1
| #define HAVE_INTTYPES_H 1
| #define HAVE_STDINT_H 1
| #define HAVE_UNISTD_H 1
| #define HAVE_DLFCN_H 1
| #define LT_OBJDIR ".libs/"
| #define HAVE_PYTHON_H 1
| #define OMNITHREAD_POSIX 1
| #define HAVE_CLOCK_GETTIME 1
| #define HAVE_GETTIMEOFDAY 1
| #define HAVE_NANOSLEEP 1
| #define STDC_HEADERS 1
| #define HAVE_SYS_WAIT_H 1
| #define HAVE_FCNTL_H 1
| #define HAVE_LIMITS_H 1
| #define HAVE_STRINGS_H 1
| #define HAVE_SYS_IOCTL_H 1
| #define HAVE_SYS_TIME_H 1
| #define HAVE_UNISTD_H 1
| #define HAVE_SYS_MMAN_H 1
| #define TIME_WITH_SYS_TIME 1
| #define HAVE_SYS_TYPES_H 1
| #define HAVE_FCNTL_H 1
| #define HAVE_GETOPT 1
| #define HAVE_USLEEP 1
| #define HAVE_GETTIMEOFDAY 1
| #define HAVE_NANOSLEEP 1
| #define HAVE_RAND 1
| #define HAVE_SRAND 1
| #define HAVE_RANDOM 1
| #define HAVE_SRANDOM 1
| #define HAVE_SLEEP 1
| #define HAVE_SIGACTION 1
| #define HAVE_STRUCT_TIMEZONE 1
| #define HAVE_STRUCT_TIMESPEC 1
| #define HAVE_SSIZE_T 1
| #define HAVE_GETOPT 1
| #define HAVE_USLEEP 1
| #define HAVE_GETTIMEOFDAY 1
| /* end confdefs.h.  */
|    #include <windows.h>
|                 #include <winbase.h>
| 
| int
| main ()
| {
|  Sleep(0);
|   ;
|   return 0;
| }
configure:18451: result: no
configure:18458: checking whether mkdir accepts only one arg
configure:18475: gcc -c -g -O2 -pthread  conftest.c >&5
conftest.c: In function 'main':
conftest.c:65:8: error: too few arguments to function 'mkdir'
        mkdir("")
        ^
In file included from conftest.c:59:0:
/usr/include/i386-linux-gnu/sys/stat.h:320:12: note: declared here
 extern int mkdir (const char *__path, __mode_t __mode)
            ^
configure:18475: $? = 1
configure: failed program was:
| /* confdefs.h */
| #define PACKAGE_NAME ""
| #define PACKAGE_TARNAME ""
| #define PACKAGE_VERSION ""
| #define PACKAGE_STRING ""
| #define PACKAGE_BUGREPORT ""
| #define PACKAGE_URL ""
| #define PACKAGE "gr-fsk4"
| #define VERSION "0.0.1"
| #define CXX_HAS_BUGGY_FOR_LOOPS /**/
| #define CXX_HAS_STD_ISNAN /**/
| #define STDC_HEADERS 1
| #define HAVE_SYS_TYPES_H 1
| #define HAVE_SYS_STAT_H 1
| #define HAVE_STDLIB_H 1
| #define HAVE_STRING_H 1
| #define HAVE_MEMORY_H 1
| #define HAVE_STRINGS_H 1
| #define HAVE_INTTYPES_H 1
| #define HAVE_STDINT_H 1
| #define HAVE_UNISTD_H 1
| #define HAVE_DLFCN_H 1
| #define LT_OBJDIR ".libs/"
| #define HAVE_PYTHON_H 1
| #define OMNITHREAD_POSIX 1
| #define HAVE_CLOCK_GETTIME 1
| #define HAVE_GETTIMEOFDAY 1
| #define HAVE_NANOSLEEP 1
| #define STDC_HEADERS 1
| #define HAVE_SYS_WAIT_H 1
| #define HAVE_FCNTL_H 1
| #define HAVE_LIMITS_H 1
| #define HAVE_STRINGS_H 1
| #define HAVE_SYS_IOCTL_H 1
| #define HAVE_SYS_TIME_H 1
| #define HAVE_UNISTD_H 1
| #define HAVE_SYS_MMAN_H 1
| #define TIME_WITH_SYS_TIME 1
| #define HAVE_SYS_TYPES_H 1
| #define HAVE_FCNTL_H 1
| #define HAVE_GETOPT 1
| #define HAVE_USLEEP 1
| #define HAVE_GETTIMEOFDAY 1
| #define HAVE_NANOSLEEP 1
| #define HAVE_RAND 1
| #define HAVE_SRAND 1
| #define HAVE_RANDOM 1
| #define HAVE_SRANDOM 1
| #define HAVE_SLEEP 1
| #define HAVE_SIGACTION 1
| #define HAVE_STRUCT_TIMEZONE 1
| #define HAVE_STRUCT_TIMESPEC 1
| #define HAVE_SSIZE_T 1
| #define HAVE_GETOPT 1
| #define HAVE_USLEEP 1
| #define HAVE_GETTIMEOFDAY 1
| /* end confdefs.h.  */
| #include <sys/types.h>
|        #include <sys/stat.h>
|        #include <fcntl.h>
| int
| main ()
| {
| 
|        mkdir("")
| 
|   ;
|   return 0;
| }
configure:18482: result: no
configure:18499: checking for pkg-config
configure:18517: found /usr/bin/pkg-config
configure:18530: result: /usr/bin/pkg-config
configure:18552: checking for gnuradio-runtime >= 2
configure:18556: result: yes
configure:18560: checking GNURADIO_RUNTIME_CFLAGS
configure:18563: result: 
configure:18566: checking GNURADIO_RUNTIME_LIBS
configure:18569: result: -lgnuradio-runtime -lgnuradio-pmt
configure:18572: checking GNURADIO_RUNTIME_INCLUDEDIR
configure:18575: result: /usr/include
configure:18648: checking boost/shared_ptr.hpp usability
configure:18648: g++ -c -g -O2 -Wall -Woverloaded-virtual -pthread  conftest.cpp >&5
configure:18648: $? = 0
configure:18648: result: yes
configure:18648: checking boost/shared_ptr.hpp presence
configure:18648: g++ -E  conftest.cpp
configure:18648: $? = 0
configure:18648: result: yes
configure:18648: checking for boost/shared_ptr.hpp
configure:18648: result: yes
configure:18821: checking that generated files are newer than configure
configure:18827: result: done
configure:18866: creating ./config.status

## ---------------------- ##
## Running config.status. ##
## ---------------------- ##

This file was extended by config.status, which was
generated by GNU Autoconf 2.69.  Invocation command line was

  CONFIG_FILES    = 
  CONFIG_HEADERS  = 
  CONFIG_LINKS    = 
  CONFIG_COMMANDS = 
  $ ./config.status 

on UbuntuServer

config.status:1231: creating Makefile
config.status:1231: creating config/Makefile
config.status:1231: creating doc/Makefile
config.status:1231: creating src/Makefile
config.status:1231: creating src/lib/Makefile
config.status:1231: creating src/python/Makefile
config.status:1231: creating src/python/run_tests
config.status:1231: creating config.h
config.status:1412: config.h is unchanged
config.status:1460: executing depfiles commands
config.status:1460: executing libtool commands
config.status:1460: executing run_tests commands

## ---------------- ##
## Cache variables. ##
## ---------------- ##

ac_cv_build=i686-pc-linux-gnu
ac_cv_c_compiler_gnu=yes
ac_cv_c_const=yes
ac_cv_c_inline=inline
ac_cv_cxx_compiler_gnu=yes
ac_cv_env_CCASFLAGS_set=
ac_cv_env_CCASFLAGS_value=
ac_cv_env_CCAS_set=
ac_cv_env_CCAS_value=
ac_cv_env_CCC_set=
ac_cv_env_CCC_value=
ac_cv_env_CC_set=
ac_cv_env_CC_value=
ac_cv_env_CFLAGS_set=
ac_cv_env_CFLAGS_value=
ac_cv_env_CPPFLAGS_set=
ac_cv_env_CPPFLAGS_value=
ac_cv_env_CPP_set=
ac_cv_env_CPP_value=
ac_cv_env_CXXCPP_set=
ac_cv_env_CXXCPP_value=
ac_cv_env_CXXFLAGS_set=
ac_cv_env_CXXFLAGS_value=
ac_cv_env_CXX_set=
ac_cv_env_CXX_value=
ac_cv_env_LDFLAGS_set=
ac_cv_env_LDFLAGS_value=
ac_cv_env_LIBS_set=
ac_cv_env_LIBS_value=
ac_cv_env_LT_SYS_LIBRARY_PATH_set=
ac_cv_env_LT_SYS_LIBRARY_PATH_value=
ac_cv_env_PYTHON_set=
ac_cv_env_PYTHON_value=
ac_cv_env_build_alias_set=
ac_cv_env_build_alias_value=
ac_cv_env_host_alias_set=
ac_cv_env_host_alias_value=
ac_cv_env_target_alias_set=
ac_cv_env_target_alias_value=
ac_cv_func_cc_r=no
ac_cv_func_clock_gettime=yes
ac_cv_func_dummy=no
ac_cv_func_getopt=yes
ac_cv_func_gettimeofday=yes
ac_cv_func_nanosleep=yes
ac_cv_func_rand=yes
ac_cv_func_random=yes
ac_cv_func_sigaction=yes
ac_cv_func_sleep=yes
ac_cv_func_srand=yes
ac_cv_func_srandom=yes
ac_cv_func_usleep=yes
ac_cv_header_Python_h=yes
ac_cv_header_boost_shared_ptr_hpp=yes
ac_cv_header_dlfcn_h=yes
ac_cv_header_fcntl_h=yes
ac_cv_header_inttypes_h=yes
ac_cv_header_io_h=no
ac_cv_header_limits_h=yes
ac_cv_header_memory_h=yes
ac_cv_header_stdc=yes
ac_cv_header_stdint_h=yes
ac_cv_header_stdlib_h=yes
ac_cv_header_string_h=yes
ac_cv_header_strings_h=yes
ac_cv_header_sys_ioctl_h=yes
ac_cv_header_sys_mman_h=yes
ac_cv_header_sys_stat_h=yes
ac_cv_header_sys_time_h=yes
ac_cv_header_sys_types_h=yes
ac_cv_header_sys_wait_h=yes
ac_cv_header_time=yes
ac_cv_header_unistd_h=yes
ac_cv_header_winbase_h=no
ac_cv_header_windows_h=no
ac_cv_header_winioctl_h=no
ac_cv_host=i686-pc-linux-gnu
ac_cv_objext=o
ac_cv_path_EGREP='/bin/grep -E'
ac_cv_path_FGREP='/bin/grep -F'
ac_cv_path_GREP=/bin/grep
ac_cv_path_PKG_CONFIG=/usr/bin/pkg-config
ac_cv_path_PYTHON=/usr/bin/python
ac_cv_path_RM_PROG=/bin/rm
ac_cv_path_SED=/bin/sed
ac_cv_path_install='/usr/bin/install -c'
ac_cv_path_lt_DD=/bin/dd
ac_cv_path_mkdir=/bin/mkdir
ac_cv_prog_AWK=gawk
ac_cv_prog_CPP='gcc -E'
ac_cv_prog_CXXCPP='g++ -E'
ac_cv_prog_PTHREAD_CC=gcc
ac_cv_prog_SWIG=/usr/bin/swig
ac_cv_prog_ac_ct_AR=ar
ac_cv_prog_ac_ct_CC=gcc
ac_cv_prog_ac_ct_CXX=g++
ac_cv_prog_ac_ct_DLLTOOL=dlltool
ac_cv_prog_ac_ct_MANIFEST_TOOL=mt
ac_cv_prog_ac_ct_OBJDUMP=objdump
ac_cv_prog_ac_ct_RANLIB=ranlib
ac_cv_prog_ac_ct_STRIP=strip
ac_cv_prog_cc_c89=
ac_cv_prog_cc_g=yes
ac_cv_prog_cxx_g=yes
ac_cv_prog_make_make_set=yes
ac_cv_search_clock_gettime='none required'
ac_cv_target=i686-pc-linux-gnu
ac_cv_type_size_t=yes
ac_cv_type_ssize_t=yes
ac_cv_type_struct_timespec=yes
ac_cv_type_struct_timezone=yes
am_cv_CCAS_dependencies_compiler_type=gcc3
am_cv_CC_dependencies_compiler_type=gcc3
am_cv_CXX_dependencies_compiler_type=gcc3
am_cv_make_support_nested_variables=yes
am_cv_prog_cc_c_o=yes
am_cv_python_platform=linux2
am_cv_python_pyexecdir='${exec_prefix}/lib/python2.7/dist-packages'
am_cv_python_pythondir='${prefix}/lib/python2.7/dist-packages'
am_cv_python_version=2.7
lt_cv_ar_at_file=@
lt_cv_archive_cmds_need_lc=no
lt_cv_deplibs_check_method=pass_all
lt_cv_file_magic_cmd='$MAGIC_CMD'
lt_cv_file_magic_test_file=
lt_cv_ld_reload_flag=-r
lt_cv_nm_interface='BSD nm'
lt_cv_objdir=.libs
lt_cv_path_LD=/usr/bin/ld
lt_cv_path_LDCXX=/usr/bin/ld
lt_cv_path_NM='/usr/bin/nm -B'
lt_cv_path_mainfest_tool=no
lt_cv_prog_compiler_c_o=yes
lt_cv_prog_compiler_c_o_CXX=yes
lt_cv_prog_compiler_pic='-fPIC -DPIC'
lt_cv_prog_compiler_pic_CXX='-fPIC -DPIC'
lt_cv_prog_compiler_pic_works=yes
lt_cv_prog_compiler_pic_works_CXX=yes
lt_cv_prog_compiler_rtti_exceptions=no
lt_cv_prog_compiler_static_works=yes
lt_cv_prog_compiler_static_works_CXX=yes
lt_cv_prog_gnu_ld=yes
lt_cv_prog_gnu_ldcxx=yes
lt_cv_sharedlib_from_linklib_cmd='printf %s\n'
lt_cv_shlibpath_overrides_runpath=no
lt_cv_sys_global_symbol_pipe='sed -n -e '\''s/^.*[	 ]\([ABCDGIRSTW][ABCDGIRSTW]*\)[	 ][	 ]*\([_A-Za-z][_A-Za-z0-9]*\)$/\1 \2 \2/p'\'' | sed '\''/ __gnu_lto/d'\'''
lt_cv_sys_global_symbol_to_c_name_address='sed -n -e '\''s/^: \(.*\) .*$/  {"\1", (void *) 0},/p'\'' -e '\''s/^[ABCDGIRSTW][ABCDGIRSTW]* .* \(.*\)$/  {"\1", (void *) \&\1},/p'\'''
lt_cv_sys_global_symbol_to_c_name_address_lib_prefix='sed -n -e '\''s/^: \(.*\) .*$/  {"\1", (void *) 0},/p'\'' -e '\''s/^[ABCDGIRSTW][ABCDGIRSTW]* .* \(lib.*\)$/  {"\1", (void *) \&\1},/p'\'' -e '\''s/^[ABCDGIRSTW][ABCDGIRSTW]* .* \(.*\)$/  {"lib\1", (void *) \&\1},/p'\'''
lt_cv_sys_global_symbol_to_cdecl='sed -n -e '\''s/^T .* \(.*\)$/extern int \1();/p'\'' -e '\''s/^[ABCDGIRSTW][ABCDGIRSTW]* .* \(.*\)$/extern char \1;/p'\'''
lt_cv_sys_global_symbol_to_import=
lt_cv_sys_max_cmd_len=1572864
lt_cv_to_host_file_cmd=func_convert_file_noop
lt_cv_to_tool_file_cmd=func_convert_file_noop
lt_cv_truncate_bin='/bin/dd bs=4096 count=1'

## ----------------- ##
## Output variables. ##
## ----------------- ##

ACLOCAL='${SHELL} /home/tzvi/gr-fskxcode/missing aclocal-1.15'
AMDEPBACKSLASH='\'
AMDEP_FALSE='#'
AMDEP_TRUE=''
AMTAR='$${TAR-tar}'
AM_BACKSLASH='\'
AM_DEFAULT_V='$(AM_DEFAULT_VERBOSITY)'
AM_DEFAULT_VERBOSITY='1'
AM_V='$(V)'
AR='ar'
AS='as'
AUTOCONF='${SHELL} /home/tzvi/gr-fskxcode/missing autoconf'
AUTOHEADER='${SHELL} /home/tzvi/gr-fskxcode/missing autoheader'
AUTOMAKE='${SHELL} /home/tzvi/gr-fskxcode/missing automake-1.15'
AWK='gawk'
BOOST_CFLAGS=''
CC='gcc'
CCAS='gcc'
CCASDEPMODE='depmode=gcc3'
CCASFLAGS='-g -O2'
CCDEPMODE='depmode=gcc3'
CFLAGS='-g -O2 -pthread'
CPP='gcc -E'
CPPFLAGS=''
CXX='g++'
CXXCPP='g++ -E'
CXXDEPMODE='depmode=gcc3'
CXXFLAGS='-g -O2 -Wall -Woverloaded-virtual -pthread'
CXX_FOR_BUILD='g++'
CYGPATH_W='echo'
DEFS='-DHAVE_CONFIG_H'
DEPDIR='.deps'
DLLTOOL='dlltool'
DSYMUTIL=''
DUMPBIN=''
ECHO_C=''
ECHO_N='-n'
ECHO_T=''
EGREP='/bin/grep -E'
EXEEXT=''
FGREP='/bin/grep -F'
GNURADIO_RUNTIME_CFLAGS=''
GNURADIO_RUNTIME_INCLUDEDIR='/usr/include'
GNURADIO_RUNTIME_LIBS='-lgnuradio-runtime -lgnuradio-pmt'
GREP='/bin/grep'
INSTALL_DATA='${INSTALL} -m 644'
INSTALL_PROGRAM='${INSTALL}'
INSTALL_SCRIPT='${INSTALL}'
INSTALL_STRIP_PROGRAM='$(install_sh) -c -s'
LD='/usr/bin/ld'
LDFLAGS=''
LIBOBJS=''
LIBS=' -lgnuradio-runtime -lgnuradio-pmt'
LIBTOOL='$(SHELL) $(top_builddir)/libtool'
LIPO=''
LN_S='ln -s'
LTLIBOBJS=''
LT_SYS_LIBRARY_PATH=''
MAKEINFO='${SHELL} /home/tzvi/gr-fskxcode/missing makeinfo'
MANIFEST_TOOL=':'
MKDIR_P='/bin/mkdir -p'
NM='/usr/bin/nm -B'
NMEDIT=''
NO_UNDEFINED=''
OBJDUMP='objdump'
OBJEXT='o'
OMNITHREAD_NT_FALSE=''
OMNITHREAD_NT_TRUE='#'
OMNITHREAD_POSIX_FALSE='#'
OMNITHREAD_POSIX_TRUE=''
OTOOL64=''
OTOOL=''
PACKAGE='gr-fsk4'
PACKAGE_BUGREPORT=''
PACKAGE_NAME=''
PACKAGE_STRING=''
PACKAGE_TARNAME=''
PACKAGE_URL=''
PACKAGE_VERSION=''
PATH_SEPARATOR=':'
PKG_CONFIG='/usr/bin/pkg-config'
PTHREAD_CC='gcc'
PTHREAD_CFLAGS='-pthread'
PTHREAD_LIBS=' '
PYTHON='/usr/bin/python'
PYTHON_CPPFLAGS='-I/usr/include/python2.7'
PYTHON_EXEC_PREFIX='${exec_prefix}'
PYTHON_LDFLAGS=''
PYTHON_PLATFORM='linux2'
PYTHON_PREFIX='${prefix}'
PYTHON_VERSION='2.7'
RANLIB='ranlib'
RM_PROG='/bin/rm'
SED='/bin/sed'
SET_MAKE=''
SHELL='/bin/bash'
STD_DEFINES_AND_INCLUDES=' '
STRIP='strip'
SWIG='/usr/bin/swig -c++'
SWIG_PYTHON_CPPFLAGS='-I/usr/include/python2.7'
SWIG_PYTHON_LIB='-lswigpy'
SWIG_PYTHON_OPT='-python'
VERSION='0.0.1'
ac_ct_AR='ar'
ac_ct_CC='gcc'
ac_ct_CXX='g++'
ac_ct_DUMPBIN=''
am__EXEEXT_FALSE=''
am__EXEEXT_TRUE='#'
am__fastdepCCAS_FALSE='#'
am__fastdepCCAS_TRUE=''
am__fastdepCC_FALSE='#'
am__fastdepCC_TRUE=''
am__fastdepCXX_FALSE='#'
am__fastdepCXX_TRUE=''
am__include='include'
am__isrc=''
am__leading_dot='.'
am__nodep='_no'
am__quote=''
am__tar='$${TAR-tar} chof - "$$tardir"'
am__untar='$${TAR-tar} xf -'
bindir='${exec_prefix}/bin'
build='i686-pc-linux-gnu'
build_alias=''
build_cpu='i686'
build_os='linux-gnu'
build_vendor='pc'
datadir='${datarootdir}'
datarootdir='${prefix}/share'
docdir='${datarootdir}/doc/${PACKAGE}'
dvidir='${docdir}'
exec_prefix='${prefix}'
host='i686-pc-linux-gnu'
host_alias=''
host_cpu='i686'
host_os='linux-gnu'
host_vendor='pc'
htmldir='${docdir}'
includedir='${prefix}/include'
infodir='${datarootdir}/info'
install_sh='${SHELL} /home/tzvi/gr-fskxcode/install-sh'
libdir='${exec_prefix}/lib'
libexecdir='${exec_prefix}/libexec'
localedir='${datarootdir}/locale'
localstatedir='${prefix}/var'
mandir='${datarootdir}/man'
mkdir_p='$(MKDIR_P)'
oldincludedir='/usr/include'
pdfdir='${docdir}'
pkgpyexecdir='${pyexecdir}/gr-fsk4'
pkgpythondir='${pythondir}/gr-fsk4'
prefix='/usr/local'
program_transform_name='s,x,x,'
psdir='${docdir}'
pyexecdir='${exec_prefix}/lib/python2.7/dist-packages'
pythondir='${prefix}/lib/python2.7/dist-packages'
runstatedir='${localstatedir}/run'
sbindir='${exec_prefix}/sbin'
sharedstatedir='${prefix}/com'
sysconfdir='${prefix}/etc'
target='i686-pc-linux-gnu'
target_alias=''
target_cpu='i686'
target_os='linux-gnu'
target_vendor='pc'

## ----------- ##
## confdefs.h. ##
## ----------- ##

/* confdefs.h */
#define PACKAGE_NAME ""
#define PACKAGE_TARNAME ""
#define PACKAGE_VERSION ""
#define PACKAGE_STRING ""
#define PACKAGE_BUGREPORT ""
#define PACKAGE_URL ""
#define PACKAGE "gr-fsk4"
#define VERSION "0.0.1"
#define CXX_HAS_BUGGY_FOR_LOOPS /**/
#define CXX_HAS_STD_ISNAN /**/
#define STDC_HEADERS 1
#define HAVE_SYS_TYPES_H 1
#define HAVE_SYS_STAT_H 1
#define HAVE_STDLIB_H 1
#define HAVE_STRING_H 1
#define HAVE_MEMORY_H 1
#define HAVE_STRINGS_H 1
#define HAVE_INTTYPES_H 1
#define HAVE_STDINT_H 1
#define HAVE_UNISTD_H 1
#define HAVE_DLFCN_H 1
#define LT_OBJDIR ".libs/"
#define HAVE_PYTHON_H 1
#define OMNITHREAD_POSIX 1
#define HAVE_CLOCK_GETTIME 1
#define HAVE_GETTIMEOFDAY 1
#define HAVE_NANOSLEEP 1
#define STDC_HEADERS 1
#define HAVE_SYS_WAIT_H 1
#define HAVE_FCNTL_H 1
#define HAVE_LIMITS_H 1
#define HAVE_STRINGS_H 1
#define HAVE_SYS_IOCTL_H 1
#define HAVE_SYS_TIME_H 1
#define HAVE_UNISTD_H 1
#define HAVE_SYS_MMAN_H 1
#define TIME_WITH_SYS_TIME 1
#define HAVE_SYS_TYPES_H 1
#define HAVE_FCNTL_H 1
#define HAVE_GETOPT 1
#define HAVE_USLEEP 1
#define HAVE_GETTIMEOFDAY 1
#define HAVE_NANOSLEEP 1
#define HAVE_RAND 1
#define HAVE_SRAND 1
#define HAVE_RANDOM 1
#define HAVE_SRANDOM 1
#define HAVE_SLEEP 1
#define HAVE_SIGACTION 1
#define HAVE_STRUCT_TIMEZONE 1
#define HAVE_STRUCT_TIMESPEC 1
#define HAVE_SSIZE_T 1
#define HAVE_GETOPT 1
#define HAVE_USLEEP 1
#define HAVE_GETTIMEOFDAY 1

configure: exit 0

## ---------------------- ##
## Running config.status. ##
## ---------------------- ##

This file was extended by config.status, which was
generated by GNU Autoconf 2.69.  Invocation command line was

  CONFIG_FILES    = 
  CONFIG_HEADERS  = 
  CONFIG_LINKS    = 
  CONFIG_COMMANDS = 
  $ ./config.status config.h

on UbuntuServer

config.status:1231: creating config.h
config.status:1412: config.h is unchanged
